mode: atomic
github.com/rhysd/actionlint/scripts/generate-webhook-events/main.go:23.62,25.70 2 10
github.com/rhysd/actionlint/scripts/generate-webhook-events/main.go:38.2,38.17 1 10
github.com/rhysd/actionlint/scripts/generate-webhook-events/main.go:44.2,45.60 2 9
github.com/rhysd/actionlint/scripts/generate-webhook-events/main.go:49.2,49.25 1 9
github.com/rhysd/actionlint/scripts/generate-webhook-events/main.go:25.70,26.16 1 21
github.com/rhysd/actionlint/scripts/generate-webhook-events/main.go:30.3,30.31 1 20
github.com/rhysd/actionlint/scripts/generate-webhook-events/main.go:34.3,35.27 2 9
github.com/rhysd/actionlint/scripts/generate-webhook-events/main.go:26.16,28.4 1 1
github.com/rhysd/actionlint/scripts/generate-webhook-events/main.go:30.31,32.4 1 11
github.com/rhysd/actionlint/scripts/generate-webhook-events/main.go:38.17,40.3 1 1
github.com/rhysd/actionlint/scripts/generate-webhook-events/main.go:45.60,47.3 1 9
github.com/rhysd/actionlint/scripts/generate-webhook-events/main.go:52.56,54.70 2 9
github.com/rhysd/actionlint/scripts/generate-webhook-events/main.go:61.2,61.14 1 9
github.com/rhysd/actionlint/scripts/generate-webhook-events/main.go:54.70,56.43 2 396
github.com/rhysd/actionlint/scripts/generate-webhook-events/main.go:59.3,59.31 1 396
github.com/rhysd/actionlint/scripts/generate-webhook-events/main.go:56.43,58.4 1 48
github.com/rhysd/actionlint/scripts/generate-webhook-events/main.go:64.74,68.61 3 16
github.com/rhysd/actionlint/scripts/generate-webhook-events/main.go:108.2,109.24 2 3
github.com/rhysd/actionlint/scripts/generate-webhook-events/main.go:68.61,71.37 2 26
github.com/rhysd/actionlint/scripts/generate-webhook-events/main.go:84.3,84.34 1 10
github.com/rhysd/actionlint/scripts/generate-webhook-events/main.go:71.37,75.57 3 16
github.com/rhysd/actionlint/scripts/generate-webhook-events/main.go:80.4,81.12 2 13
github.com/rhysd/actionlint/scripts/generate-webhook-events/main.go:75.57,78.5 2 3
github.com/rhysd/actionlint/scripts/generate-webhook-events/main.go:84.34,85.18 1 10
github.com/rhysd/actionlint/scripts/generate-webhook-events/main.go:90.4,95.11 4 10
github.com/rhysd/actionlint/scripts/generate-webhook-events/main.go:100.4,104.27 4 9
github.com/rhysd/actionlint/scripts/generate-webhook-events/main.go:85.18,88.5 2 0
github.com/rhysd/actionlint/scripts/generate-webhook-events/main.go:95.11,97.5 1 1
github.com/rhysd/actionlint/scripts/generate-webhook-events/main.go:112.48,135.60 9 6
github.com/rhysd/actionlint/scripts/generate-webhook-events/main.go:181.2,183.15 2 5
github.com/rhysd/actionlint/scripts/generate-webhook-events/main.go:187.2,187.19 1 4
github.com/rhysd/actionlint/scripts/generate-webhook-events/main.go:191.2,192.16 2 3
github.com/rhysd/actionlint/scripts/generate-webhook-events/main.go:196.2,196.42 1 3
github.com/rhysd/actionlint/scripts/generate-webhook-events/main.go:200.2,200.12 1 2
github.com/rhysd/actionlint/scripts/generate-webhook-events/main.go:135.60,137.16 2 84
github.com/rhysd/actionlint/scripts/generate-webhook-events/main.go:146.3,146.52 1 43
github.com/rhysd/actionlint/scripts/generate-webhook-events/main.go:152.3,152.28 1 33
github.com/rhysd/actionlint/scripts/generate-webhook-events/main.go:156.3,156.29 1 16
github.com/rhysd/actionlint/scripts/generate-webhook-events/main.go:162.3,163.17 2 16
github.com/rhysd/actionlint/scripts/generate-webhook-events/main.go:166.3,166.10 1 15
github.com/rhysd/actionlint/scripts/generate-webhook-events/main.go:169.3,171.19 2 9
github.com/rhysd/actionlint/scripts/generate-webhook-events/main.go:175.3,176.28 2 6
github.com/rhysd/actionlint/scripts/generate-webhook-events/main.go:179.3,179.26 1 6
github.com/rhysd/actionlint/scripts/generate-webhook-events/main.go:137.16,139.117 1 41
github.com/rhysd/actionlint/scripts/generate-webhook-events/main.go:143.4,143.12 1 41
github.com/rhysd/actionlint/scripts/generate-webhook-events/main.go:139.117,142.5 2 5
github.com/rhysd/actionlint/scripts/generate-webhook-events/main.go:146.52,149.12 3 10
github.com/rhysd/actionlint/scripts/generate-webhook-events/main.go:152.28,153.12 1 17
github.com/rhysd/actionlint/scripts/generate-webhook-events/main.go:156.29,157.24 1 32
github.com/rhysd/actionlint/scripts/generate-webhook-events/main.go:157.24,158.22 1 0
github.com/rhysd/actionlint/scripts/generate-webhook-events/main.go:163.17,165.4 1 1
github.com/rhysd/actionlint/scripts/generate-webhook-events/main.go:166.10,167.12 1 6
github.com/rhysd/actionlint/scripts/generate-webhook-events/main.go:171.19,173.12 2 3
github.com/rhysd/actionlint/scripts/generate-webhook-events/main.go:176.28,178.4 1 42
github.com/rhysd/actionlint/scripts/generate-webhook-events/main.go:183.15,185.3 1 1
github.com/rhysd/actionlint/scripts/generate-webhook-events/main.go:187.19,189.3 1 1
github.com/rhysd/actionlint/scripts/generate-webhook-events/main.go:192.16,194.3 1 0
github.com/rhysd/actionlint/scripts/generate-webhook-events/main.go:196.42,198.3 1 1
github.com/rhysd/actionlint/scripts/generate-webhook-events/main.go:203.40,209.16 4 3
github.com/rhysd/actionlint/scripts/generate-webhook-events/main.go:212.2,212.51 1 2
github.com/rhysd/actionlint/scripts/generate-webhook-events/main.go:215.2,216.16 2 1
github.com/rhysd/actionlint/scripts/generate-webhook-events/main.go:219.2,222.18 3 1
github.com/rhysd/actionlint/scripts/generate-webhook-events/main.go:209.16,211.3 1 1
github.com/rhysd/actionlint/scripts/generate-webhook-events/main.go:212.51,214.3 1 1
github.com/rhysd/actionlint/scripts/generate-webhook-events/main.go:216.16,218.3 1 0
github.com/rhysd/actionlint/scripts/generate-webhook-events/main.go:225.78,228.19 2 11
github.com/rhysd/actionlint/scripts/generate-webhook-events/main.go:233.2,237.20 4 10
github.com/rhysd/actionlint/scripts/generate-webhook-events/main.go:242.2,242.16 1 10
github.com/rhysd/actionlint/scripts/generate-webhook-events/main.go:247.2,249.48 3 7
github.com/rhysd/actionlint/scripts/generate-webhook-events/main.go:264.2,264.43 1 6
github.com/rhysd/actionlint/scripts/generate-webhook-events/main.go:269.2,272.10 3 2
github.com/rhysd/actionlint/scripts/generate-webhook-events/main.go:228.19,231.3 2 1
github.com/rhysd/actionlint/scripts/generate-webhook-events/main.go:237.20,239.3 1 8
github.com/rhysd/actionlint/scripts/generate-webhook-events/main.go:239.8,241.3 1 2
github.com/rhysd/actionlint/scripts/generate-webhook-events/main.go:242.16,245.3 2 3
github.com/rhysd/actionlint/scripts/generate-webhook-events/main.go:249.48,252.3 2 5
github.com/rhysd/actionlint/scripts/generate-webhook-events/main.go:252.8,255.17 3 2
github.com/rhysd/actionlint/scripts/generate-webhook-events/main.go:259.3,261.10 3 1
github.com/rhysd/actionlint/scripts/generate-webhook-events/main.go:255.17,258.4 2 1
github.com/rhysd/actionlint/scripts/generate-webhook-events/main.go:264.43,267.3 2 4
github.com/rhysd/actionlint/scripts/generate-webhook-events/main.go:275.13,277.2 1 0
github.com/rhysd/actionlint/scripts/generate-availability/main.go:34.66,36.24 2 96
github.com/rhysd/actionlint/scripts/generate-availability/main.go:36.24,38.3 1 54
github.com/rhysd/actionlint/scripts/generate-availability/main.go:38.8,42.3 3 42
github.com/rhysd/actionlint/scripts/generate-availability/main.go:45.57,47.24 2 3
github.com/rhysd/actionlint/scripts/generate-availability/main.go:51.2,52.25 2 3
github.com/rhysd/actionlint/scripts/generate-availability/main.go:47.24,50.3 2 42
github.com/rhysd/actionlint/scripts/generate-availability/main.go:52.25,54.3 1 42
github.com/rhysd/actionlint/scripts/generate-availability/main.go:57.70,62.38 4 7
github.com/rhysd/actionlint/scripts/generate-availability/main.go:69.2,69.38 1 7
github.com/rhysd/actionlint/scripts/generate-availability/main.go:78.2,78.19 1 2
github.com/rhysd/actionlint/scripts/generate-availability/main.go:62.38,63.112 1 66
github.com/rhysd/actionlint/scripts/generate-availability/main.go:63.112,65.9 2 6
github.com/rhysd/actionlint/scripts/generate-availability/main.go:69.38,70.52 1 18
github.com/rhysd/actionlint/scripts/generate-availability/main.go:73.3,73.37 1 18
github.com/rhysd/actionlint/scripts/generate-availability/main.go:70.52,72.4 1 0
github.com/rhysd/actionlint/scripts/generate-availability/main.go:73.37,75.4 1 5
github.com/rhysd/actionlint/scripts/generate-availability/main.go:81.53,83.57 2 101
github.com/rhysd/actionlint/scripts/generate-availability/main.go:88.2,88.10 1 101
github.com/rhysd/actionlint/scripts/generate-availability/main.go:83.57,84.42 1 304
github.com/rhysd/actionlint/scripts/generate-availability/main.go:84.42,86.4 1 304
github.com/rhysd/actionlint/scripts/generate-availability/main.go:91.34,93.16 2 192
github.com/rhysd/actionlint/scripts/generate-availability/main.go:97.2,98.23 2 192
github.com/rhysd/actionlint/scripts/generate-availability/main.go:101.2,102.11 2 192
github.com/rhysd/actionlint/scripts/generate-availability/main.go:93.16,95.3 1 0
github.com/rhysd/actionlint/scripts/generate-availability/main.go:98.23,100.3 1 750
github.com/rhysd/actionlint/scripts/generate-availability/main.go:105.49,106.39 1 294
github.com/rhysd/actionlint/scripts/generate-availability/main.go:109.2,110.36 2 293
github.com/rhysd/actionlint/scripts/generate-availability/main.go:106.39,108.3 1 1
github.com/rhysd/actionlint/scripts/generate-availability/main.go:113.48,115.9 2 7
github.com/rhysd/actionlint/scripts/generate-availability/main.go:118.2,139.57 7 5
github.com/rhysd/actionlint/scripts/generate-availability/main.go:184.2,184.36 1 3
github.com/rhysd/actionlint/scripts/generate-availability/main.go:192.2,208.16 8 3
github.com/rhysd/actionlint/scripts/generate-availability/main.go:212.2,212.48 1 3
github.com/rhysd/actionlint/scripts/generate-availability/main.go:216.2,216.12 1 2
github.com/rhysd/actionlint/scripts/generate-availability/main.go:115.9,117.3 1 2
github.com/rhysd/actionlint/scripts/generate-availability/main.go:139.57,141.10 2 106
github.com/rhysd/actionlint/scripts/generate-availability/main.go:144.3,145.19 2 101
github.com/rhysd/actionlint/scripts/generate-availability/main.go:148.3,148.28 1 100
github.com/rhysd/actionlint/scripts/generate-availability/main.go:153.3,153.24 1 97
github.com/rhysd/actionlint/scripts/generate-availability/main.go:161.3,162.16 2 96
github.com/rhysd/actionlint/scripts/generate-availability/main.go:166.3,171.38 3 96
github.com/rhysd/actionlint/scripts/generate-availability/main.go:175.3,175.24 1 96
github.com/rhysd/actionlint/scripts/generate-availability/main.go:179.3,181.26 3 96
github.com/rhysd/actionlint/scripts/generate-availability/main.go:141.10,142.12 1 5
github.com/rhysd/actionlint/scripts/generate-availability/main.go:145.19,147.4 1 1
github.com/rhysd/actionlint/scripts/generate-availability/main.go:148.28,150.9 2 3
github.com/rhysd/actionlint/scripts/generate-availability/main.go:153.24,155.18 2 290
github.com/rhysd/actionlint/scripts/generate-availability/main.go:158.4,158.13 1 289
github.com/rhysd/actionlint/scripts/generate-availability/main.go:155.18,157.5 1 1
github.com/rhysd/actionlint/scripts/generate-availability/main.go:162.16,164.12 2 0
github.com/rhysd/actionlint/scripts/generate-availability/main.go:171.38,173.4 1 69
github.com/rhysd/actionlint/scripts/generate-availability/main.go:175.24,177.4 1 48
github.com/rhysd/actionlint/scripts/generate-availability/main.go:184.36,186.28 2 42
github.com/rhysd/actionlint/scripts/generate-availability/main.go:189.3,189.86 1 42
github.com/rhysd/actionlint/scripts/generate-availability/main.go:186.28,188.4 1 96
github.com/rhysd/actionlint/scripts/generate-availability/main.go:208.16,210.3 1 0
github.com/rhysd/actionlint/scripts/generate-availability/main.go:212.48,214.3 1 1
github.com/rhysd/actionlint/scripts/generate-availability/main.go:219.56,220.20 1 11
github.com/rhysd/actionlint/scripts/generate-availability/main.go:224.2,229.16 4 2
github.com/rhysd/actionlint/scripts/generate-availability/main.go:232.2,232.51 1 1
github.com/rhysd/actionlint/scripts/generate-availability/main.go:235.2,236.16 2 0
github.com/rhysd/actionlint/scripts/generate-availability/main.go:239.2,242.18 3 0
github.com/rhysd/actionlint/scripts/generate-availability/main.go:220.20,222.3 1 9
github.com/rhysd/actionlint/scripts/generate-availability/main.go:229.16,231.3 1 1
github.com/rhysd/actionlint/scripts/generate-availability/main.go:232.51,234.3 1 1
github.com/rhysd/actionlint/scripts/generate-availability/main.go:236.16,238.3 1 0
github.com/rhysd/actionlint/scripts/generate-availability/main.go:245.78,248.19 2 12
github.com/rhysd/actionlint/scripts/generate-availability/main.go:253.2,256.16 3 11
github.com/rhysd/actionlint/scripts/generate-availability/main.go:261.2,263.47 3 8
github.com/rhysd/actionlint/scripts/generate-availability/main.go:274.2,276.43 2 7
github.com/rhysd/actionlint/scripts/generate-availability/main.go:281.2,283.10 3 2
github.com/rhysd/actionlint/scripts/generate-availability/main.go:248.19,251.3 2 1
github.com/rhysd/actionlint/scripts/generate-availability/main.go:256.16,259.3 2 3
github.com/rhysd/actionlint/scripts/generate-availability/main.go:263.47,266.17 3 2
github.com/rhysd/actionlint/scripts/generate-availability/main.go:270.3,271.10 2 1
github.com/rhysd/actionlint/scripts/generate-availability/main.go:266.17,269.4 2 1
github.com/rhysd/actionlint/scripts/generate-availability/main.go:276.43,279.3 2 5
github.com/rhysd/actionlint/scripts/generate-availability/main.go:286.13,288.2 1 0
github.com/rhysd/actionlint/scripts/generate-popular-actions/main.go:28.36,29.23 1 11
github.com/rhysd/actionlint/scripts/generate-popular-actions/main.go:32.2,32.15 1 2
github.com/rhysd/actionlint/scripts/generate-popular-actions/main.go:29.23,31.3 1 9
github.com/rhysd/actionlint/scripts/generate-popular-actions/main.go:48.44,50.2 1 9
github.com/rhysd/actionlint/scripts/generate-popular-actions/main.go:52.47,54.2 1 3
github.com/rhysd/actionlint/scripts/generate-popular-actions/main.go:56.42,58.2 1 4
github.com/rhysd/actionlint/scripts/generate-popular-actions/main.go:519.104,522.2 2 26
github.com/rhysd/actionlint/scripts/generate-popular-actions/main.go:524.76,540.26 6 2
github.com/rhysd/actionlint/scripts/generate-popular-actions/main.go:583.2,584.35 2 2
github.com/rhysd/actionlint/scripts/generate-popular-actions/main.go:588.2,588.54 1 2
github.com/rhysd/actionlint/scripts/generate-popular-actions/main.go:600.2,601.25 2 2
github.com/rhysd/actionlint/scripts/generate-popular-actions/main.go:610.2,611.17 2 1
github.com/rhysd/actionlint/scripts/generate-popular-actions/main.go:540.26,541.76 1 10
github.com/rhysd/actionlint/scripts/generate-popular-actions/main.go:541.76,543.8 2 10
github.com/rhysd/actionlint/scripts/generate-popular-actions/main.go:543.8,544.12 1 13
github.com/rhysd/actionlint/scripts/generate-popular-actions/main.go:545.24,549.20 4 3
github.com/rhysd/actionlint/scripts/generate-popular-actions/main.go:553.6,553.55 1 3
github.com/rhysd/actionlint/scripts/generate-popular-actions/main.go:557.6,559.20 3 2
github.com/rhysd/actionlint/scripts/generate-popular-actions/main.go:563.6,565.56 3 2
github.com/rhysd/actionlint/scripts/generate-popular-actions/main.go:569.6,569.52 1 2
github.com/rhysd/actionlint/scripts/generate-popular-actions/main.go:572.6,572.53 1 2
github.com/rhysd/actionlint/scripts/generate-popular-actions/main.go:575.6,575.46 1 2
github.com/rhysd/actionlint/scripts/generate-popular-actions/main.go:576.17,577.12 1 10
github.com/rhysd/actionlint/scripts/generate-popular-actions/main.go:549.20,551.12 2 0
github.com/rhysd/actionlint/scripts/generate-popular-actions/main.go:553.55,555.12 2 1
github.com/rhysd/actionlint/scripts/generate-popular-actions/main.go:559.20,561.12 2 0
github.com/rhysd/actionlint/scripts/generate-popular-actions/main.go:565.56,567.12 2 0
github.com/rhysd/actionlint/scripts/generate-popular-actions/main.go:569.52,571.7 1 0
github.com/rhysd/actionlint/scripts/generate-popular-actions/main.go:572.53,574.7 1 0
github.com/rhysd/actionlint/scripts/generate-popular-actions/main.go:584.35,586.3 1 3
github.com/rhysd/actionlint/scripts/generate-popular-actions/main.go:588.54,589.36 1 2
github.com/rhysd/actionlint/scripts/generate-popular-actions/main.go:589.36,590.36 1 3
github.com/rhysd/actionlint/scripts/generate-popular-actions/main.go:590.36,591.12 1 3
github.com/rhysd/actionlint/scripts/generate-popular-actions/main.go:592.40,592.40 0 3
github.com/rhysd/actionlint/scripts/generate-popular-actions/main.go:593.17,594.12 1 0
github.com/rhysd/actionlint/scripts/generate-popular-actions/main.go:601.25,603.19 2 3
github.com/rhysd/actionlint/scripts/generate-popular-actions/main.go:607.3,607.23 1 2
github.com/rhysd/actionlint/scripts/generate-popular-actions/main.go:603.19,606.4 2 1
github.com/rhysd/actionlint/scripts/generate-popular-actions/main.go:614.94,616.34 2 7
github.com/rhysd/actionlint/scripts/generate-popular-actions/main.go:622.2,623.12 2 6
github.com/rhysd/actionlint/scripts/generate-popular-actions/main.go:616.34,618.40 2 7
github.com/rhysd/actionlint/scripts/generate-popular-actions/main.go:618.40,620.4 1 1
github.com/rhysd/actionlint/scripts/generate-popular-actions/main.go:626.91,638.25 4 6
github.com/rhysd/actionlint/scripts/generate-popular-actions/main.go:641.2,643.29 2 6
github.com/rhysd/actionlint/scripts/generate-popular-actions/main.go:692.2,697.16 4 6
github.com/rhysd/actionlint/scripts/generate-popular-actions/main.go:701.2,701.42 1 6
github.com/rhysd/actionlint/scripts/generate-popular-actions/main.go:705.2,706.12 2 5
github.com/rhysd/actionlint/scripts/generate-popular-actions/main.go:638.25,640.3 1 7
github.com/rhysd/actionlint/scripts/generate-popular-actions/main.go:643.29,650.17 6 7
github.com/rhysd/actionlint/scripts/generate-popular-actions/main.go:654.3,654.42 1 7
github.com/rhysd/actionlint/scripts/generate-popular-actions/main.go:669.3,670.18 2 7
github.com/rhysd/actionlint/scripts/generate-popular-actions/main.go:674.3,674.44 1 7
github.com/rhysd/actionlint/scripts/generate-popular-actions/main.go:689.3,689.25 1 7
github.com/rhysd/actionlint/scripts/generate-popular-actions/main.go:650.17,652.4 1 1
github.com/rhysd/actionlint/scripts/generate-popular-actions/main.go:654.42,656.31 2 6
github.com/rhysd/actionlint/scripts/generate-popular-actions/main.go:659.4,662.27 3 6
github.com/rhysd/actionlint/scripts/generate-popular-actions/main.go:666.4,666.26 1 6
github.com/rhysd/actionlint/scripts/generate-popular-actions/main.go:656.31,658.5 1 20
github.com/rhysd/actionlint/scripts/generate-popular-actions/main.go:662.27,665.5 2 20
github.com/rhysd/actionlint/scripts/generate-popular-actions/main.go:670.18,672.4 1 1
github.com/rhysd/actionlint/scripts/generate-popular-actions/main.go:674.44,676.32 2 5
github.com/rhysd/actionlint/scripts/generate-popular-actions/main.go:679.4,682.27 3 5
github.com/rhysd/actionlint/scripts/generate-popular-actions/main.go:686.4,686.26 1 5
github.com/rhysd/actionlint/scripts/generate-popular-actions/main.go:676.32,678.5 1 5
github.com/rhysd/actionlint/scripts/generate-popular-actions/main.go:682.27,685.5 2 5
github.com/rhysd/actionlint/scripts/generate-popular-actions/main.go:697.16,699.3 1 0
github.com/rhysd/actionlint/scripts/generate-popular-actions/main.go:701.42,703.3 1 1
github.com/rhysd/actionlint/scripts/generate-popular-actions/main.go:709.85,710.40 1 16
github.com/rhysd/actionlint/scripts/generate-popular-actions/main.go:714.2,715.16 2 15
github.com/rhysd/actionlint/scripts/generate-popular-actions/main.go:718.2,722.6 4 14
github.com/rhysd/actionlint/scripts/generate-popular-actions/main.go:710.40,712.3 1 1
github.com/rhysd/actionlint/scripts/generate-popular-actions/main.go:715.16,717.3 1 1
github.com/rhysd/actionlint/scripts/generate-popular-actions/main.go:722.6,724.20 2 27
github.com/rhysd/actionlint/scripts/generate-popular-actions/main.go:730.3,731.47 2 14
github.com/rhysd/actionlint/scripts/generate-popular-actions/main.go:734.3,734.23 1 13
github.com/rhysd/actionlint/scripts/generate-popular-actions/main.go:724.20,727.4 2 13
github.com/rhysd/actionlint/scripts/generate-popular-actions/main.go:727.9,727.24 1 14
github.com/rhysd/actionlint/scripts/generate-popular-actions/main.go:727.24,729.4 1 0
github.com/rhysd/actionlint/scripts/generate-popular-actions/main.go:731.47,733.4 1 1
github.com/rhysd/actionlint/scripts/generate-popular-actions/main.go:738.56,744.25 5 4
github.com/rhysd/actionlint/scripts/generate-popular-actions/main.go:779.2,779.32 1 4
github.com/rhysd/actionlint/scripts/generate-popular-actions/main.go:789.2,790.38 2 4
github.com/rhysd/actionlint/scripts/generate-popular-actions/main.go:801.2,804.16 3 3
github.com/rhysd/actionlint/scripts/generate-popular-actions/main.go:744.25,745.92 1 16
github.com/rhysd/actionlint/scripts/generate-popular-actions/main.go:745.92,747.8 2 16
github.com/rhysd/actionlint/scripts/generate-popular-actions/main.go:747.8,748.12 1 20
github.com/rhysd/actionlint/scripts/generate-popular-actions/main.go:749.22,750.22 1 4
github.com/rhysd/actionlint/scripts/generate-popular-actions/main.go:754.6,757.20 4 3
github.com/rhysd/actionlint/scripts/generate-popular-actions/main.go:761.6,761.31 1 3
github.com/rhysd/actionlint/scripts/generate-popular-actions/main.go:766.6,766.55 1 2
github.com/rhysd/actionlint/scripts/generate-popular-actions/main.go:770.6,771.32 2 1
github.com/rhysd/actionlint/scripts/generate-popular-actions/main.go:772.17,773.12 1 16
github.com/rhysd/actionlint/scripts/generate-popular-actions/main.go:750.22,752.12 2 1
github.com/rhysd/actionlint/scripts/generate-popular-actions/main.go:757.20,759.12 2 0
github.com/rhysd/actionlint/scripts/generate-popular-actions/main.go:761.31,764.12 3 1
github.com/rhysd/actionlint/scripts/generate-popular-actions/main.go:766.55,768.12 2 1
github.com/rhysd/actionlint/scripts/generate-popular-actions/main.go:779.32,780.31 1 4
github.com/rhysd/actionlint/scripts/generate-popular-actions/main.go:780.31,781.11 1 4
github.com/rhysd/actionlint/scripts/generate-popular-actions/main.go:782.19,782.19 0 4
github.com/rhysd/actionlint/scripts/generate-popular-actions/main.go:783.16,784.11 1 0
github.com/rhysd/actionlint/scripts/generate-popular-actions/main.go:790.38,791.10 1 4
github.com/rhysd/actionlint/scripts/generate-popular-actions/main.go:792.20,793.15 1 3
github.com/rhysd/actionlint/scripts/generate-popular-actions/main.go:796.22,798.19 2 1
github.com/rhysd/actionlint/scripts/generate-popular-actions/main.go:793.15,795.5 1 1
github.com/rhysd/actionlint/scripts/generate-popular-actions/main.go:807.38,819.23 11 26
github.com/rhysd/actionlint/scripts/generate-popular-actions/main.go:836.2,836.46 1 26
github.com/rhysd/actionlint/scripts/generate-popular-actions/main.go:842.2,842.22 1 24
github.com/rhysd/actionlint/scripts/generate-popular-actions/main.go:847.2,847.11 1 23
github.com/rhysd/actionlint/scripts/generate-popular-actions/main.go:853.2,855.12 2 23
github.com/rhysd/actionlint/scripts/generate-popular-actions/main.go:871.2,871.41 1 19
github.com/rhysd/actionlint/scripts/generate-popular-actions/main.go:876.2,877.24 2 18
github.com/rhysd/actionlint/scripts/generate-popular-actions/main.go:895.2,897.23 3 14
github.com/rhysd/actionlint/scripts/generate-popular-actions/main.go:908.2,908.16 1 13
github.com/rhysd/actionlint/scripts/generate-popular-actions/main.go:923.2,924.10 2 11
github.com/rhysd/actionlint/scripts/generate-popular-actions/main.go:819.23,835.3 2 2
github.com/rhysd/actionlint/scripts/generate-popular-actions/main.go:836.46,837.26 1 2
github.com/rhysd/actionlint/scripts/generate-popular-actions/main.go:840.3,840.11 1 1
github.com/rhysd/actionlint/scripts/generate-popular-actions/main.go:837.26,839.4 1 1
github.com/rhysd/actionlint/scripts/generate-popular-actions/main.go:842.22,845.3 2 1
github.com/rhysd/actionlint/scripts/generate-popular-actions/main.go:847.11,849.16 2 1
github.com/rhysd/actionlint/scripts/generate-popular-actions/main.go:850.3,850.30 1 1
github.com/rhysd/actionlint/scripts/generate-popular-actions/main.go:849.16,849.38 1 1
github.com/rhysd/actionlint/scripts/generate-popular-actions/main.go:855.12,857.17 2 4
github.com/rhysd/actionlint/scripts/generate-popular-actions/main.go:861.3,861.21 1 3
github.com/rhysd/actionlint/scripts/generate-popular-actions/main.go:864.3,865.26 2 1
github.com/rhysd/actionlint/scripts/generate-popular-actions/main.go:868.3,868.11 1 1
github.com/rhysd/actionlint/scripts/generate-popular-actions/main.go:857.17,860.4 2 1
github.com/rhysd/actionlint/scripts/generate-popular-actions/main.go:861.21,863.4 1 2
github.com/rhysd/actionlint/scripts/generate-popular-actions/main.go:865.26,867.4 1 1
github.com/rhysd/actionlint/scripts/generate-popular-actions/main.go:871.41,874.3 2 1
github.com/rhysd/actionlint/scripts/generate-popular-actions/main.go:877.24,880.17 3 2
github.com/rhysd/actionlint/scripts/generate-popular-actions/main.go:884.3,884.14 1 1
github.com/rhysd/actionlint/scripts/generate-popular-actions/main.go:880.17,883.4 2 1
github.com/rhysd/actionlint/scripts/generate-popular-actions/main.go:885.8,888.17 3 16
github.com/rhysd/actionlint/scripts/generate-popular-actions/main.go:892.3,892.14 1 13
github.com/rhysd/actionlint/scripts/generate-popular-actions/main.go:888.17,891.4 2 3
github.com/rhysd/actionlint/scripts/generate-popular-actions/main.go:897.23,900.17 3 3
github.com/rhysd/actionlint/scripts/generate-popular-actions/main.go:904.3,905.10 2 2
github.com/rhysd/actionlint/scripts/generate-popular-actions/main.go:900.17,903.4 2 1
github.com/rhysd/actionlint/scripts/generate-popular-actions/main.go:909.12,911.49 2 6
github.com/rhysd/actionlint/scripts/generate-popular-actions/main.go:915.15,917.52 2 7
github.com/rhysd/actionlint/scripts/generate-popular-actions/main.go:911.49,914.4 2 1
github.com/rhysd/actionlint/scripts/generate-popular-actions/main.go:917.52,920.4 2 1
github.com/rhysd/actionlint/scripts/generate-popular-actions/main.go:927.13,929.2 1 0
github.com/rhysd/actionlint/command.go:57.33,58.19 1 2
github.com/rhysd/actionlint/command.go:62.2,63.9 2 1
github.com/rhysd/actionlint/command.go:67.2,67.26 1 1
github.com/rhysd/actionlint/command.go:58.19,60.3 1 1
github.com/rhysd/actionlint/command.go:63.9,65.3 1 0
github.com/rhysd/actionlint/command.go:80.102,82.16 2 2
github.com/rhysd/actionlint/command.go:86.2,86.16 1 2
github.com/rhysd/actionlint/command.go:90.2,90.20 1 2
github.com/rhysd/actionlint/command.go:94.2,94.38 1 2
github.com/rhysd/actionlint/command.go:106.2,106.31 1 2
github.com/rhysd/actionlint/command.go:82.16,84.3 1 0
github.com/rhysd/actionlint/command.go:86.16,88.3 1 0
github.com/rhysd/actionlint/command.go:90.20,92.3 1 0
github.com/rhysd/actionlint/command.go:94.38,96.17 2 0
github.com/rhysd/actionlint/command.go:99.3,100.31 2 0
github.com/rhysd/actionlint/command.go:103.3,103.27 1 0
github.com/rhysd/actionlint/command.go:96.17,98.4 1 0
github.com/rhysd/actionlint/command.go:100.31,102.4 1 0
github.com/rhysd/actionlint/command.go:111.46,113.2 1 2
github.com/rhysd/actionlint/command.go:114.50,117.2 2 1
github.com/rhysd/actionlint/command.go:122.45,145.23 22 2
github.com/rhysd/actionlint/command.go:149.2,149.46 1 2
github.com/rhysd/actionlint/command.go:157.2,157.9 1 2
github.com/rhysd/actionlint/command.go:170.2,173.11 3 2
github.com/rhysd/actionlint/command.go:176.2,176.13 1 2
github.com/rhysd/actionlint/command.go:180.2,181.16 2 2
github.com/rhysd/actionlint/command.go:185.2,185.19 1 2
github.com/rhysd/actionlint/command.go:189.2,189.35 1 1
github.com/rhysd/actionlint/command.go:145.23,148.3 2 0
github.com/rhysd/actionlint/command.go:149.46,150.26 1 0
github.com/rhysd/actionlint/command.go:154.3,154.40 1 0
github.com/rhysd/actionlint/command.go:150.26,153.4 1 0
github.com/rhysd/actionlint/command.go:157.9,168.3 2 0
github.com/rhysd/actionlint/command.go:173.11,175.3 1 0
github.com/rhysd/actionlint/command.go:176.13,178.3 1 0
github.com/rhysd/actionlint/command.go:181.16,184.3 2 0
github.com/rhysd/actionlint/command.go:185.19,187.3 1 1
github.com/rhysd/actionlint/pass.go:30.28,32.2 1 203
github.com/rhysd/actionlint/pass.go:35.35,37.2 1 3155
github.com/rhysd/actionlint/pass.go:41.44,43.2 1 0
github.com/rhysd/actionlint/pass.go:45.67,47.2 1 0
github.com/rhysd/actionlint/pass.go:50.44,52.18 2 203
github.com/rhysd/actionlint/pass.go:56.2,56.29 1 203
github.com/rhysd/actionlint/pass.go:62.2,62.18 1 203
github.com/rhysd/actionlint/pass.go:67.2,67.27 1 203
github.com/rhysd/actionlint/pass.go:73.2,73.18 1 203
github.com/rhysd/actionlint/pass.go:78.2,78.29 1 203
github.com/rhysd/actionlint/pass.go:84.2,84.18 1 203
github.com/rhysd/actionlint/pass.go:88.2,88.12 1 203
github.com/rhysd/actionlint/pass.go:52.18,54.3 1 0
github.com/rhysd/actionlint/pass.go:56.29,57.47 1 3155
github.com/rhysd/actionlint/pass.go:57.47,59.4 1 0
github.com/rhysd/actionlint/pass.go:62.18,65.3 2 0
github.com/rhysd/actionlint/pass.go:67.27,68.39 1 318
github.com/rhysd/actionlint/pass.go:68.39,70.4 1 0
github.com/rhysd/actionlint/pass.go:73.18,76.3 2 0
github.com/rhysd/actionlint/pass.go:78.29,79.48 1 3155
github.com/rhysd/actionlint/pass.go:79.48,81.4 1 0
github.com/rhysd/actionlint/pass.go:84.18,86.3 1 0
github.com/rhysd/actionlint/pass.go:91.42,93.18 2 318
github.com/rhysd/actionlint/pass.go:97.2,97.29 1 318
github.com/rhysd/actionlint/pass.go:103.2,103.18 1 318
github.com/rhysd/actionlint/pass.go:108.2,108.28 1 318
github.com/rhysd/actionlint/pass.go:114.2,114.18 1 318
github.com/rhysd/actionlint/pass.go:119.2,119.29 1 318
github.com/rhysd/actionlint/pass.go:125.2,125.18 1 318
github.com/rhysd/actionlint/pass.go:129.2,129.12 1 318
github.com/rhysd/actionlint/pass.go:93.18,95.3 1 0
github.com/rhysd/actionlint/pass.go:97.29,98.42 1 4921
github.com/rhysd/actionlint/pass.go:98.42,100.4 1 0
github.com/rhysd/actionlint/pass.go:103.18,106.3 2 0
github.com/rhysd/actionlint/pass.go:108.28,109.40 1 448
github.com/rhysd/actionlint/pass.go:109.40,111.4 1 0
github.com/rhysd/actionlint/pass.go:114.18,117.3 2 0
github.com/rhysd/actionlint/pass.go:119.29,120.43 1 4921
github.com/rhysd/actionlint/pass.go:120.43,122.4 1 0
github.com/rhysd/actionlint/pass.go:125.18,127.3 1 0
github.com/rhysd/actionlint/pass.go:132.44,134.18 2 448
github.com/rhysd/actionlint/pass.go:138.2,138.29 1 448
github.com/rhysd/actionlint/pass.go:144.2,144.18 1 448
github.com/rhysd/actionlint/pass.go:148.2,148.12 1 448
github.com/rhysd/actionlint/pass.go:134.18,136.3 1 0
github.com/rhysd/actionlint/pass.go:138.29,139.40 1 6927
github.com/rhysd/actionlint/pass.go:139.40,141.4 1 0
github.com/rhysd/actionlint/pass.go:144.18,146.3 1 0
github.com/rhysd/actionlint/quotes.go:15.42,16.13 1 2278
github.com/rhysd/actionlint/quotes.go:21.2,22.22 2 2278
github.com/rhysd/actionlint/quotes.go:16.13,18.3 1 1956
github.com/rhysd/actionlint/quotes.go:18.8,20.3 1 322
github.com/rhysd/actionlint/quotes.go:25.44,26.13 1 7
github.com/rhysd/actionlint/quotes.go:31.2,32.22 2 7
github.com/rhysd/actionlint/quotes.go:26.13,28.3 1 4
github.com/rhysd/actionlint/quotes.go:28.8,30.3 1 3
github.com/rhysd/actionlint/quotes.go:35.40,37.2 1 326
github.com/rhysd/actionlint/quotes.go:39.33,41.12 2 265
github.com/rhysd/actionlint/quotes.go:44.2,45.23 2 264
github.com/rhysd/actionlint/quotes.go:52.2,56.23 5 264
github.com/rhysd/actionlint/quotes.go:59.2,59.18 1 264
github.com/rhysd/actionlint/quotes.go:41.12,43.3 1 1
github.com/rhysd/actionlint/quotes.go:45.23,48.14 3 1649
github.com/rhysd/actionlint/quotes.go:48.14,50.4 1 427
github.com/rhysd/actionlint/quotes.go:56.23,58.3 1 1649
github.com/rhysd/actionlint/quotes.go:62.39,65.2 2 103
github.com/rhysd/actionlint/quotes.go:67.40,69.25 2 25
github.com/rhysd/actionlint/quotes.go:79.2,82.11 4 25
github.com/rhysd/actionlint/quotes.go:85.2,85.25 1 25
github.com/rhysd/actionlint/quotes.go:90.2,90.18 1 25
github.com/rhysd/actionlint/quotes.go:69.25,70.24 1 87
github.com/rhysd/actionlint/quotes.go:77.3,77.25 1 87
github.com/rhysd/actionlint/quotes.go:70.24,73.15 3 507
github.com/rhysd/actionlint/quotes.go:73.15,75.5 1 44
github.com/rhysd/actionlint/quotes.go:82.11,84.3 1 24
github.com/rhysd/actionlint/quotes.go:85.25,86.24 1 87
github.com/rhysd/actionlint/quotes.go:86.24,88.4 1 507
github.com/rhysd/actionlint/rule_id.go:17.26,24.2 1 226
github.com/rhysd/actionlint/rule_id.go:27.47,31.28 3 341
github.com/rhysd/actionlint/rule_id.go:35.2,35.12 1 341
github.com/rhysd/actionlint/rule_id.go:31.28,33.3 1 40
github.com/rhysd/actionlint/rule_id.go:39.48,42.2 2 318
github.com/rhysd/actionlint/rule_id.go:45.46,46.17 1 461
github.com/rhysd/actionlint/rule_id.go:50.2,53.35 3 44
github.com/rhysd/actionlint/rule_id.go:57.2,58.12 2 43
github.com/rhysd/actionlint/rule_id.go:46.17,48.3 1 417
github.com/rhysd/actionlint/rule_id.go:53.35,56.3 2 1
github.com/rhysd/actionlint/rule_id.go:61.65,62.98 1 425
github.com/rhysd/actionlint/rule_id.go:65.2,65.150 1 25
github.com/rhysd/actionlint/rule_id.go:62.98,64.3 1 400
github.com/rhysd/actionlint/rule_if_cond.go:13.34,20.2 1 219
github.com/rhysd/actionlint/rule_if_cond.go:23.50,26.2 2 456
github.com/rhysd/actionlint/rule_if_cond.go:29.51,32.2 2 326
github.com/rhysd/actionlint/rule_if_cond.go:34.48,35.14 1 782
github.com/rhysd/actionlint/rule_if_cond.go:38.2,38.29 1 65
github.com/rhysd/actionlint/rule_if_cond.go:42.2,42.113 1 37
github.com/rhysd/actionlint/rule_if_cond.go:45.2,49.3 1 18
github.com/rhysd/actionlint/rule_if_cond.go:35.14,37.3 1 717
github.com/rhysd/actionlint/rule_if_cond.go:38.29,40.3 1 28
github.com/rhysd/actionlint/rule_if_cond.go:42.113,44.3 1 19
github.com/rhysd/actionlint/ast.go:20.31,22.2 1 40
github.com/rhysd/actionlint/ast.go:25.41,26.25 1 9
github.com/rhysd/actionlint/ast.go:29.2,29.25 1 3
github.com/rhysd/actionlint/ast.go:32.2,32.26 1 0
github.com/rhysd/actionlint/ast.go:26.25,28.3 1 6
github.com/rhysd/actionlint/ast.go:29.25,31.3 1 3
github.com/rhysd/actionlint/ast.go:45.40,48.2 2 1335
github.com/rhysd/actionlint/ast.go:51.44,53.2 1 1173
github.com/rhysd/actionlint/ast.go:55.36,62.2 2 474
github.com/rhysd/actionlint/ast.go:65.46,67.2 1 75
github.com/rhysd/actionlint/ast.go:79.32,80.25 1 10
github.com/rhysd/actionlint/ast.go:83.2,83.13 1 6
github.com/rhysd/actionlint/ast.go:86.2,86.16 1 3
github.com/rhysd/actionlint/ast.go:80.25,82.3 1 1
github.com/rhysd/actionlint/ast.go:83.13,85.3 1 3
github.com/rhysd/actionlint/ast.go:126.45,128.2 1 530
github.com/rhysd/actionlint/ast.go:159.43,161.2 1 0
github.com/rhysd/actionlint/ast.go:173.45,175.2 1 0
github.com/rhysd/actionlint/ast.go:224.52,226.2 1 0
github.com/rhysd/actionlint/ast.go:238.54,240.2 1 0
github.com/rhysd/actionlint/ast.go:278.52,280.2 1 25
github.com/rhysd/actionlint/ast.go:324.48,326.2 1 0
github.com/rhysd/actionlint/ast.go:421.35,423.2 1 0
github.com/rhysd/actionlint/ast.go:450.38,452.2 1 0
github.com/rhysd/actionlint/ast.go:487.49,489.2 1 0
github.com/rhysd/actionlint/ast.go:492.57,493.31 1 7
github.com/rhysd/actionlint/ast.go:494.22,495.30 1 7
github.com/rhysd/actionlint/ast.go:500.3,500.14 1 0
github.com/rhysd/actionlint/ast.go:501.10,502.15 1 0
github.com/rhysd/actionlint/ast.go:495.30,496.55 1 7
github.com/rhysd/actionlint/ast.go:496.55,498.5 1 7
github.com/rhysd/actionlint/ast.go:507.36,509.2 1 4
github.com/rhysd/actionlint/ast.go:511.41,513.28 2 12
github.com/rhysd/actionlint/ast.go:516.2,517.43 2 12
github.com/rhysd/actionlint/ast.go:513.28,515.3 1 22
github.com/rhysd/actionlint/ast.go:528.48,530.2 1 0
github.com/rhysd/actionlint/ast.go:533.56,534.31 1 8
github.com/rhysd/actionlint/ast.go:535.21,536.39 1 6
github.com/rhysd/actionlint/ast.go:539.3,539.30 1 3
github.com/rhysd/actionlint/ast.go:544.3,544.14 1 0
github.com/rhysd/actionlint/ast.go:545.10,546.15 1 2
github.com/rhysd/actionlint/ast.go:536.39,538.4 1 3
github.com/rhysd/actionlint/ast.go:539.30,540.34 1 3
github.com/rhysd/actionlint/ast.go:540.34,542.5 1 3
github.com/rhysd/actionlint/ast.go:551.35,553.2 1 0
github.com/rhysd/actionlint/ast.go:555.40,558.28 3 0
github.com/rhysd/actionlint/ast.go:561.2,562.18 2 0
github.com/rhysd/actionlint/ast.go:558.28,560.3 1 0
github.com/rhysd/actionlint/ast.go:575.49,577.2 1 0
github.com/rhysd/actionlint/ast.go:580.57,581.31 1 89
github.com/rhysd/actionlint/ast.go:582.22,583.32 1 83
github.com/rhysd/actionlint/ast.go:584.10,585.15 1 6
github.com/rhysd/actionlint/ast.go:590.36,592.2 1 161
github.com/rhysd/actionlint/ast.go:594.41,596.2 1 28
github.com/rhysd/actionlint/ast.go:637.57,638.26 1 1
github.com/rhysd/actionlint/ast.go:641.2,641.36 1 1
github.com/rhysd/actionlint/ast.go:646.2,646.14 1 1
github.com/rhysd/actionlint/ast.go:638.26,640.3 1 0
github.com/rhysd/actionlint/ast.go:641.36,642.26 1 1
github.com/rhysd/actionlint/ast.go:642.26,644.4 1 0
github.com/rhysd/actionlint/ast.go:901.71,902.25 1 203
github.com/rhysd/actionlint/ast.go:907.2,907.19 1 165
github.com/rhysd/actionlint/ast.go:902.25,903.42 1 223
github.com/rhysd/actionlint/ast.go:903.42,905.4 1 38
github.com/rhysd/actionlint/expr_insecure.go:15.45,19.2 3 0
github.com/rhysd/actionlint/expr_insecure.go:22.84,23.35 1 1694
github.com/rhysd/actionlint/expr_insecure.go:32.2,32.19 1 678
github.com/rhysd/actionlint/expr_insecure.go:23.35,24.36 1 1548
github.com/rhysd/actionlint/expr_insecure.go:27.3,28.24 2 722
github.com/rhysd/actionlint/expr_insecure.go:24.36,26.4 1 826
github.com/rhysd/actionlint/expr_insecure.go:28.24,30.4 1 190
github.com/rhysd/actionlint/expr_insecure.go:36.72,38.2 1 267
github.com/rhysd/actionlint/expr_insecure.go:41.59,42.44 1 1365
github.com/rhysd/actionlint/expr_insecure.go:46.2,46.23 1 1365
github.com/rhysd/actionlint/expr_insecure.go:42.44,45.3 2 946
github.com/rhysd/actionlint/expr_insecure.go:51.91,57.23 2 55
github.com/rhysd/actionlint/expr_insecure.go:64.2,64.10 1 55
github.com/rhysd/actionlint/expr_insecure.go:57.23,59.30 2 28
github.com/rhysd/actionlint/expr_insecure.go:59.30,62.4 2 47
github.com/rhysd/actionlint/expr_insecure.go:74.67,76.2 1 6
github.com/rhysd/actionlint/expr_insecure.go:162.87,170.2 1 2144
github.com/rhysd/actionlint/expr_insecure.go:173.41,177.2 3 7549
github.com/rhysd/actionlint/expr_insecure.go:179.43,181.26 2 317
github.com/rhysd/actionlint/expr_insecure.go:190.2,190.34 1 317
github.com/rhysd/actionlint/expr_insecure.go:181.26,182.15 1 661
github.com/rhysd/actionlint/expr_insecure.go:186.3,186.16 1 134
github.com/rhysd/actionlint/expr_insecure.go:182.15,184.12 2 527
github.com/rhysd/actionlint/expr_insecure.go:186.16,188.4 1 98
github.com/rhysd/actionlint/expr_insecure.go:193.56,195.9 2 2201
github.com/rhysd/actionlint/expr_insecure.go:198.2,199.26 2 653
github.com/rhysd/actionlint/expr_insecure.go:195.9,197.3 1 1548
github.com/rhysd/actionlint/expr_insecure.go:202.59,204.28 2 3994
github.com/rhysd/actionlint/expr_insecure.go:213.2,213.13 1 3994
github.com/rhysd/actionlint/expr_insecure.go:204.28,206.10 2 1427
github.com/rhysd/actionlint/expr_insecure.go:211.3,211.15 1 943
github.com/rhysd/actionlint/expr_insecure.go:206.10,209.12 3 484
github.com/rhysd/actionlint/expr_insecure.go:213.13,215.3 1 297
github.com/rhysd/actionlint/expr_insecure.go:218.49,219.23 1 76
github.com/rhysd/actionlint/expr_insecure.go:224.2,225.28 2 61
github.com/rhysd/actionlint/expr_insecure.go:233.2,233.13 1 61
github.com/rhysd/actionlint/expr_insecure.go:219.23,222.3 2 15
github.com/rhysd/actionlint/expr_insecure.go:225.28,226.39 1 39
github.com/rhysd/actionlint/expr_insecure.go:230.3,231.17 2 14
github.com/rhysd/actionlint/expr_insecure.go:226.39,228.12 2 25
github.com/rhysd/actionlint/expr_insecure.go:233.13,235.3 1 14
github.com/rhysd/actionlint/expr_insecure.go:238.50,242.28 3 94
github.com/rhysd/actionlint/expr_insecure.go:265.2,265.13 1 94
github.com/rhysd/actionlint/expr_insecure.go:242.28,244.39 1 228
github.com/rhysd/actionlint/expr_insecure.go:249.3,249.29 1 180
github.com/rhysd/actionlint/expr_insecure.go:255.3,256.34 2 180
github.com/rhysd/actionlint/expr_insecure.go:244.39,246.12 2 48
github.com/rhysd/actionlint/expr_insecure.go:249.29,252.4 2 29
github.com/rhysd/actionlint/expr_insecure.go:256.34,257.13 1 526
github.com/rhysd/actionlint/expr_insecure.go:257.13,260.5 2 151
github.com/rhysd/actionlint/expr_insecure.go:260.10,262.5 1 375
github.com/rhysd/actionlint/expr_insecure.go:265.13,267.3 1 6
github.com/rhysd/actionlint/expr_insecure.go:270.39,272.28 2 5506
github.com/rhysd/actionlint/expr_insecure.go:281.2,281.22 1 5506
github.com/rhysd/actionlint/expr_insecure.go:299.2,299.11 1 5506
github.com/rhysd/actionlint/expr_insecure.go:272.28,273.26 1 501
github.com/rhysd/actionlint/expr_insecure.go:276.3,278.38 3 419
github.com/rhysd/actionlint/expr_insecure.go:273.26,274.12 1 82
github.com/rhysd/actionlint/expr_insecure.go:281.22,288.3 2 337
github.com/rhysd/actionlint/expr_insecure.go:288.8,288.28 1 5169
github.com/rhysd/actionlint/expr_insecure.go:288.28,297.3 2 13
github.com/rhysd/actionlint/expr_insecure.go:303.62,304.23 1 7511
github.com/rhysd/actionlint/expr_insecure.go:305.21,307.13 2 2201
github.com/rhysd/actionlint/expr_insecure.go:308.24,309.29 1 3902
github.com/rhysd/actionlint/expr_insecure.go:310.24,311.43 1 168
github.com/rhysd/actionlint/expr_insecure.go:316.3,316.20 1 76
github.com/rhysd/actionlint/expr_insecure.go:317.23,318.21 1 94
github.com/rhysd/actionlint/expr_insecure.go:319.10,320.10 1 1146
github.com/rhysd/actionlint/expr_insecure.go:311.43,314.9 2 92
github.com/rhysd/actionlint/expr_insecure.go:326.46,328.2 1 2159
github.com/rhysd/actionlint/expr_insecure.go:332.53,334.2 1 2160
github.com/rhysd/actionlint/expr_insecure.go:337.40,340.2 2 2043
github.com/rhysd/actionlint/rule_glob.go:10.30,17.2 1 203
github.com/rhysd/actionlint/rule_glob.go:20.59,21.25 1 203
github.com/rhysd/actionlint/rule_glob.go:31.2,31.12 1 203
github.com/rhysd/actionlint/rule_glob.go:21.25,22.37 1 224
github.com/rhysd/actionlint/rule_glob.go:22.37,29.4 6 161
github.com/rhysd/actionlint/rule_glob.go:34.68,35.19 1 644
github.com/rhysd/actionlint/rule_glob.go:38.2,38.34 1 37
github.com/rhysd/actionlint/rule_glob.go:35.19,37.3 1 607
github.com/rhysd/actionlint/rule_glob.go:38.34,40.20 1 43
github.com/rhysd/actionlint/rule_glob.go:40.20,42.4 1 43
github.com/rhysd/actionlint/rule_glob.go:46.70,47.19 1 322
github.com/rhysd/actionlint/rule_glob.go:50.2,50.34 1 17
github.com/rhysd/actionlint/rule_glob.go:47.19,49.3 1 305
github.com/rhysd/actionlint/rule_glob.go:50.34,52.20 1 22
github.com/rhysd/actionlint/rule_glob.go:52.20,54.4 1 21
github.com/rhysd/actionlint/rule_glob.go:58.84,59.22 1 64
github.com/rhysd/actionlint/rule_glob.go:59.22,62.13 3 16
github.com/rhysd/actionlint/rule_glob.go:65.3,65.22 1 16
github.com/rhysd/actionlint/rule_glob.go:68.3,68.195 1 16
github.com/rhysd/actionlint/rule_glob.go:62.13,64.4 1 11
github.com/rhysd/actionlint/rule_glob.go:65.22,67.4 1 14
github.com/rhysd/actionlint/rule_shell_name.go:23.40,31.2 1 203
github.com/rhysd/actionlint/rule_shell_name.go:34.53,35.38 1 448
github.com/rhysd/actionlint/rule_shell_name.go:38.2,38.12 1 448
github.com/rhysd/actionlint/rule_shell_name.go:35.38,37.3 1 375
github.com/rhysd/actionlint/rule_shell_name.go:42.54,43.21 1 318
github.com/rhysd/actionlint/rule_shell_name.go:46.2,47.48 2 257
github.com/rhysd/actionlint/rule_shell_name.go:50.2,50.12 1 257
github.com/rhysd/actionlint/rule_shell_name.go:43.21,45.3 1 61
github.com/rhysd/actionlint/rule_shell_name.go:47.48,49.3 1 5
github.com/rhysd/actionlint/rule_shell_name.go:54.55,57.2 2 318
github.com/rhysd/actionlint/rule_shell_name.go:60.64,61.48 1 203
github.com/rhysd/actionlint/rule_shell_name.go:64.2,64.12 1 203
github.com/rhysd/actionlint/rule_shell_name.go:61.48,63.3 1 3
github.com/rhysd/actionlint/rule_shell_name.go:67.57,68.17 1 383
github.com/rhysd/actionlint/rule_shell_name.go:74.2,74.41 1 19
github.com/rhysd/actionlint/rule_shell_name.go:79.2,79.31 1 18
github.com/rhysd/actionlint/rule_shell_name.go:83.2,86.30 3 14
github.com/rhysd/actionlint/rule_shell_name.go:92.2,93.23 2 4
github.com/rhysd/actionlint/rule_shell_name.go:108.2,114.3 1 4
github.com/rhysd/actionlint/rule_shell_name.go:68.17,70.3 1 364
github.com/rhysd/actionlint/rule_shell_name.go:74.41,76.3 1 1
github.com/rhysd/actionlint/rule_shell_name.go:79.31,81.3 1 4
github.com/rhysd/actionlint/rule_shell_name.go:86.30,87.16 1 50
github.com/rhysd/actionlint/rule_shell_name.go:87.16,89.4 1 10
github.com/rhysd/actionlint/rule_shell_name.go:94.27,95.61 1 1
github.com/rhysd/actionlint/rule_shell_name.go:100.30,101.61 1 3
github.com/rhysd/actionlint/rule_shell_name.go:95.61,96.17 1 6
github.com/rhysd/actionlint/rule_shell_name.go:96.17,98.5 1 1
github.com/rhysd/actionlint/rule_shell_name.go:101.61,102.17 1 18
github.com/rhysd/actionlint/rule_shell_name.go:102.17,104.5 1 1
github.com/rhysd/actionlint/rule_shell_name.go:117.57,119.14 1 18
github.com/rhysd/actionlint/rule_shell_name.go:120.23,128.4 1 5
github.com/rhysd/actionlint/rule_shell_name.go:129.27,136.4 1 6
github.com/rhysd/actionlint/rule_shell_name.go:137.30,143.4 1 7
github.com/rhysd/actionlint/rule_shell_name.go:144.10,145.23 1 0
github.com/rhysd/actionlint/rule_shell_name.go:149.79,150.19 1 257
github.com/rhysd/actionlint/rule_shell_name.go:157.2,158.38 2 257
github.com/rhysd/actionlint/rule_shell_name.go:177.2,177.12 1 254
github.com/rhysd/actionlint/rule_shell_name.go:150.19,152.3 1 0
github.com/rhysd/actionlint/rule_shell_name.go:158.38,161.57 3 245
github.com/rhysd/actionlint/rule_shell_name.go:167.3,167.27 1 245
github.com/rhysd/actionlint/rule_shell_name.go:170.3,170.41 1 219
github.com/rhysd/actionlint/rule_shell_name.go:174.3,174.10 1 216
github.com/rhysd/actionlint/rule_shell_name.go:161.57,163.4 1 6
github.com/rhysd/actionlint/rule_shell_name.go:163.9,163.111 1 239
github.com/rhysd/actionlint/rule_shell_name.go:163.111,165.4 1 213
github.com/rhysd/actionlint/rule_shell_name.go:167.27,168.12 1 26
github.com/rhysd/actionlint/rule_shell_name.go:170.41,173.4 1 3
github.com/rhysd/actionlint/rule_shellcheck.go:31.93,33.16 2 54
github.com/rhysd/actionlint/rule_shellcheck.go:36.2,45.15 2 54
github.com/rhysd/actionlint/rule_shellcheck.go:33.16,35.3 1 0
github.com/rhysd/actionlint/rule_shellcheck.go:49.54,51.27 2 102
github.com/rhysd/actionlint/rule_shellcheck.go:55.2,56.36 2 83
github.com/rhysd/actionlint/rule_shellcheck.go:60.2,61.12 2 77
github.com/rhysd/actionlint/rule_shellcheck.go:51.27,53.3 1 19
github.com/rhysd/actionlint/rule_shellcheck.go:56.36,58.3 1 6
github.com/rhysd/actionlint/rule_shellcheck.go:65.55,66.79 1 75
github.com/rhysd/actionlint/rule_shellcheck.go:71.2,71.21 1 74
github.com/rhysd/actionlint/rule_shellcheck.go:75.2,75.40 1 65
github.com/rhysd/actionlint/rule_shellcheck.go:85.2,87.12 2 63
github.com/rhysd/actionlint/rule_shellcheck.go:66.79,69.3 2 1
github.com/rhysd/actionlint/rule_shellcheck.go:71.21,73.3 1 9
github.com/rhysd/actionlint/rule_shellcheck.go:75.40,79.57 2 65
github.com/rhysd/actionlint/rule_shellcheck.go:79.57,81.4 1 2
github.com/rhysd/actionlint/rule_shellcheck.go:91.56,94.2 2 75
github.com/rhysd/actionlint/rule_shellcheck.go:97.65,98.79 1 54
github.com/rhysd/actionlint/rule_shellcheck.go:101.2,101.12 1 54
github.com/rhysd/actionlint/rule_shellcheck.go:98.79,100.3 1 1
github.com/rhysd/actionlint/rule_shellcheck.go:105.66,108.2 2 54
github.com/rhysd/actionlint/rule_shellcheck.go:110.64,111.23 1 83
github.com/rhysd/actionlint/rule_shellcheck.go:114.2,114.25 1 77
github.com/rhysd/actionlint/rule_shellcheck.go:117.2,117.27 1 1
github.com/rhysd/actionlint/rule_shellcheck.go:111.23,113.3 1 6
github.com/rhysd/actionlint/rule_shellcheck.go:114.25,116.3 1 76
github.com/rhysd/actionlint/rule_shellcheck.go:126.53,128.6 2 94
github.com/rhysd/actionlint/rule_shellcheck.go:128.6,130.14 2 155
github.com/rhysd/actionlint/rule_shellcheck.go:138.3,139.14 2 64
github.com/rhysd/actionlint/rule_shellcheck.go:146.3,151.28 3 61
github.com/rhysd/actionlint/rule_shellcheck.go:155.3,155.16 1 61
github.com/rhysd/actionlint/rule_shellcheck.go:130.14,131.20 1 91
github.com/rhysd/actionlint/rule_shellcheck.go:134.4,135.21 2 49
github.com/rhysd/actionlint/rule_shellcheck.go:131.20,133.5 1 42
github.com/rhysd/actionlint/rule_shellcheck.go:139.14,140.20 1 3
github.com/rhysd/actionlint/rule_shellcheck.go:143.4,144.21 2 1
github.com/rhysd/actionlint/rule_shellcheck.go:140.20,142.5 1 2
github.com/rhysd/actionlint/rule_shellcheck.go:151.28,153.4 1 1457
github.com/rhysd/actionlint/rule_shellcheck.go:159.69,181.18 6 77
github.com/rhysd/actionlint/rule_shellcheck.go:184.2,186.66 2 77
github.com/rhysd/actionlint/rule_shellcheck.go:181.18,183.3 1 77
github.com/rhysd/actionlint/rule_shellcheck.go:186.66,187.17 1 77
github.com/rhysd/actionlint/rule_shellcheck.go:192.3,193.55 2 77
github.com/rhysd/actionlint/rule_shellcheck.go:196.3,196.21 1 77
github.com/rhysd/actionlint/rule_shellcheck.go:200.3,208.28 3 2
github.com/rhysd/actionlint/rule_shellcheck.go:215.3,215.13 1 2
github.com/rhysd/actionlint/rule_shellcheck.go:187.17,190.4 2 0
github.com/rhysd/actionlint/rule_shellcheck.go:193.55,195.4 1 0
github.com/rhysd/actionlint/rule_shellcheck.go:196.21,198.4 1 75
github.com/rhysd/actionlint/rule_shellcheck.go:208.28,213.4 3 2
github.com/rhysd/actionlint/error.go:39.32,41.2 1 538
github.com/rhysd/actionlint/error.go:43.33,45.2 1 1
github.com/rhysd/actionlint/error.go:47.56,54.2 1 166
github.com/rhysd/actionlint/error.go:56.81,63.2 1 271
github.com/rhysd/actionlint/error.go:66.71,69.35 3 18
github.com/rhysd/actionlint/error.go:81.2,89.3 1 18
github.com/rhysd/actionlint/error.go:69.35,70.37 1 17
github.com/rhysd/actionlint/error.go:70.37,72.28 2 17
github.com/rhysd/actionlint/error.go:72.28,73.40 1 16
github.com/rhysd/actionlint/error.go:73.40,76.6 2 14
github.com/rhysd/actionlint/error.go:95.57,105.37 9 503
github.com/rhysd/actionlint/error.go:108.2,109.35 2 499
github.com/rhysd/actionlint/error.go:113.2,119.41 7 497
github.com/rhysd/actionlint/error.go:105.37,107.3 1 4
github.com/rhysd/actionlint/error.go:109.35,111.3 1 2
github.com/rhysd/actionlint/error.go:122.55,125.15 3 516
github.com/rhysd/actionlint/error.go:131.2,131.18 1 0
github.com/rhysd/actionlint/error.go:125.15,127.18 2 11723
github.com/rhysd/actionlint/error.go:127.18,129.4 1 516
github.com/rhysd/actionlint/error.go:134.50,135.19 1 513
github.com/rhysd/actionlint/error.go:139.2,144.6 4 509
github.com/rhysd/actionlint/error.go:151.2,151.12 1 509
github.com/rhysd/actionlint/error.go:156.2,157.79 2 509
github.com/rhysd/actionlint/error.go:135.19,137.3 1 4
github.com/rhysd/actionlint/error.go:144.6,146.78 2 5769
github.com/rhysd/actionlint/error.go:149.3,149.31 1 5260
github.com/rhysd/actionlint/error.go:146.78,147.9 1 509
github.com/rhysd/actionlint/error.go:151.12,153.3 1 486
github.com/rhysd/actionlint/error.go:164.37,166.2 1 330
github.com/rhysd/actionlint/error.go:168.47,169.66 1 980
github.com/rhysd/actionlint/error.go:172.2,172.30 1 973
github.com/rhysd/actionlint/error.go:175.2,175.32 1 925
github.com/rhysd/actionlint/error.go:169.66,171.3 1 7
github.com/rhysd/actionlint/error.go:172.30,174.3 1 48
github.com/rhysd/actionlint/error.go:178.42,180.2 1 268
github.com/rhysd/actionlint/error.go:203.41,216.2 2 27
github.com/rhysd/actionlint/error.go:218.36,219.48 1 24
github.com/rhysd/actionlint/error.go:222.2,222.23 1 24
github.com/rhysd/actionlint/error.go:231.2,231.29 1 24
github.com/rhysd/actionlint/error.go:219.48,221.3 1 184
github.com/rhysd/actionlint/error.go:222.23,224.22 2 34
github.com/rhysd/actionlint/error.go:227.3,227.27 1 34
github.com/rhysd/actionlint/error.go:224.22,225.9 1 34
github.com/rhysd/actionlint/error.go:227.27,229.4 1 32
github.com/rhysd/actionlint/error.go:241.37,243.2 1 2
github.com/rhysd/actionlint/error.go:244.47,246.2 1 58
github.com/rhysd/actionlint/error.go:247.42,249.2 1 24
github.com/rhysd/actionlint/error.go:260.64,261.37 1 28
github.com/rhysd/actionlint/error.go:265.2,270.50 2 27
github.com/rhysd/actionlint/error.go:292.2,293.16 2 27
github.com/rhysd/actionlint/error.go:297.2,297.35 1 26
github.com/rhysd/actionlint/error.go:261.37,263.3 1 1
github.com/rhysd/actionlint/error.go:270.50,273.43 3 82
github.com/rhysd/actionlint/error.go:276.4,276.26 1 81
github.com/rhysd/actionlint/error.go:273.43,275.5 1 1
github.com/rhysd/actionlint/error.go:278.54,280.4 1 2
github.com/rhysd/actionlint/error.go:283.44,285.24 2 2
github.com/rhysd/actionlint/error.go:288.4,289.14 2 2
github.com/rhysd/actionlint/error.go:285.24,287.5 1 19
github.com/rhysd/actionlint/error.go:293.16,295.3 1 1
github.com/rhysd/actionlint/error.go:301.79,302.47 1 25
github.com/rhysd/actionlint/error.go:305.2,305.12 1 23
github.com/rhysd/actionlint/error.go:302.47,304.3 1 2
github.com/rhysd/actionlint/error.go:309.86,311.27 2 8
github.com/rhysd/actionlint/error.go:314.2,314.24 1 8
github.com/rhysd/actionlint/error.go:311.27,313.3 1 14
github.com/rhysd/actionlint/error.go:319.47,321.30 2 77
github.com/rhysd/actionlint/error.go:321.30,323.3 1 77
github.com/rhysd/actionlint/rule_expression.go:35.116,52.2 1 203
github.com/rhysd/actionlint/rule_expression.go:55.65,58.25 2 203
github.com/rhysd/actionlint/rule_expression.go:165.2,172.12 6 203
github.com/rhysd/actionlint/rule_expression.go:58.25,59.24 1 224
github.com/rhysd/actionlint/rule_expression.go:60.22,68.38 8 161
github.com/rhysd/actionlint/rule_expression.go:69.24,70.33 1 2
github.com/rhysd/actionlint/rule_expression.go:71.31,73.32 2 20
github.com/rhysd/actionlint/rule_expression.go:92.4,92.31 1 20
github.com/rhysd/actionlint/rule_expression.go:93.33,94.34 1 3
github.com/rhysd/actionlint/rule_expression.go:95.27,107.31 3 38
github.com/rhysd/actionlint/rule_expression.go:149.4,149.24 1 38
github.com/rhysd/actionlint/rule_expression.go:158.4,158.32 1 38
github.com/rhysd/actionlint/rule_expression.go:73.32,80.19 6 57
github.com/rhysd/actionlint/rule_expression.go:90.5,90.23 1 57
github.com/rhysd/actionlint/rule_expression.go:81.48,82.21 1 10
github.com/rhysd/actionlint/rule_expression.go:83.47,84.23 1 5
github.com/rhysd/actionlint/rule_expression.go:85.128,86.23 1 35
github.com/rhysd/actionlint/rule_expression.go:87.13,88.20 1 7
github.com/rhysd/actionlint/rule_expression.go:107.31,117.19 4 63
github.com/rhysd/actionlint/rule_expression.go:143.5,143.25 1 63
github.com/rhysd/actionlint/rule_expression.go:118.43,119.23 1 32
github.com/rhysd/actionlint/rule_expression.go:120.44,122.58 2 10
github.com/rhysd/actionlint/rule_expression.go:130.43,132.58 2 14
github.com/rhysd/actionlint/rule_expression.go:140.13,141.20 1 7
github.com/rhysd/actionlint/rule_expression.go:122.58,123.30 1 3
github.com/rhysd/actionlint/rule_expression.go:124.30,124.30 0 2
github.com/rhysd/actionlint/rule_expression.go:126.15,127.118 1 1
github.com/rhysd/actionlint/rule_expression.go:132.58,133.30 1 2
github.com/rhysd/actionlint/rule_expression.go:134.32,134.32 0 1
github.com/rhysd/actionlint/rule_expression.go:136.15,137.120 1 1
github.com/rhysd/actionlint/rule_expression.go:149.24,151.34 2 16
github.com/rhysd/actionlint/rule_expression.go:155.5,155.25 1 16
github.com/rhysd/actionlint/rule_expression.go:151.34,154.6 2 22
github.com/rhysd/actionlint/rule_expression.go:158.32,161.5 1 24
github.com/rhysd/actionlint/rule_expression.go:176.66,177.44 1 203
github.com/rhysd/actionlint/rule_expression.go:180.2,181.12 2 203
github.com/rhysd/actionlint/rule_expression.go:177.44,179.3 1 38
github.com/rhysd/actionlint/rule_expression.go:185.55,198.51 2 318
github.com/rhysd/actionlint/rule_expression.go:203.2,206.21 3 318
github.com/rhysd/actionlint/rule_expression.go:224.2,231.23 5 318
github.com/rhysd/actionlint/rule_expression.go:237.2,241.31 4 318
github.com/rhysd/actionlint/rule_expression.go:245.2,249.12 3 318
github.com/rhysd/actionlint/rule_expression.go:198.51,201.3 1 36
github.com/rhysd/actionlint/rule_expression.go:206.21,207.33 1 257
github.com/rhysd/actionlint/rule_expression.go:221.3,221.60 1 257
github.com/rhysd/actionlint/rule_expression.go:207.33,208.133 1 12
github.com/rhysd/actionlint/rule_expression.go:208.133,209.22 1 11
github.com/rhysd/actionlint/rule_expression.go:210.42,210.42 0 10
github.com/rhysd/actionlint/rule_expression.go:212.13,213.134 1 1
github.com/rhysd/actionlint/rule_expression.go:216.9,217.38 1 245
github.com/rhysd/actionlint/rule_expression.go:217.38,219.5 1 247
github.com/rhysd/actionlint/rule_expression.go:231.23,235.3 2 46
github.com/rhysd/actionlint/rule_expression.go:241.31,243.3 1 4
github.com/rhysd/actionlint/rule_expression.go:253.56,255.26 1 318
github.com/rhysd/actionlint/rule_expression.go:259.2,259.35 1 318
github.com/rhysd/actionlint/rule_expression.go:263.2,267.12 4 318
github.com/rhysd/actionlint/rule_expression.go:255.26,258.3 2 8
github.com/rhysd/actionlint/rule_expression.go:259.35,261.3 1 19
github.com/rhysd/actionlint/rule_expression.go:271.54,276.28 4 448
github.com/rhysd/actionlint/rule_expression.go:295.2,299.17 4 448
github.com/rhysd/actionlint/rule_expression.go:313.2,313.12 1 448
github.com/rhysd/actionlint/rule_expression.go:277.16,280.80 3 375
github.com/rhysd/actionlint/rule_expression.go:281.19,283.30 2 72
github.com/rhysd/actionlint/rule_expression.go:290.3,292.16 3 72
github.com/rhysd/actionlint/rule_expression.go:283.30,284.99 1 63
github.com/rhysd/actionlint/rule_expression.go:284.99,286.5 1 3
github.com/rhysd/actionlint/rule_expression.go:286.10,288.5 1 60
github.com/rhysd/actionlint/rule_expression.go:299.17,300.32 1 31
github.com/rhysd/actionlint/rule_expression.go:305.3,310.5 2 31
github.com/rhysd/actionlint/rule_expression.go:300.32,303.4 2 1
github.com/rhysd/actionlint/rule_expression.go:317.76,318.17 1 31
github.com/rhysd/actionlint/rule_expression.go:322.2,322.41 1 12
github.com/rhysd/actionlint/rule_expression.go:337.2,337.61 1 9
github.com/rhysd/actionlint/rule_expression.go:343.2,343.48 1 8
github.com/rhysd/actionlint/rule_expression.go:347.2,347.39 1 2
github.com/rhysd/actionlint/rule_expression.go:318.17,320.3 1 19
github.com/rhysd/actionlint/rule_expression.go:322.41,324.17 2 3
github.com/rhysd/actionlint/rule_expression.go:328.3,328.18 1 3
github.com/rhysd/actionlint/rule_expression.go:332.3,332.35 1 2
github.com/rhysd/actionlint/rule_expression.go:324.17,327.4 2 0
github.com/rhysd/actionlint/rule_expression.go:328.18,330.4 1 1
github.com/rhysd/actionlint/rule_expression.go:337.61,339.3 1 1
github.com/rhysd/actionlint/rule_expression.go:343.48,345.3 1 6
github.com/rhysd/actionlint/rule_expression.go:350.88,351.22 1 8
github.com/rhysd/actionlint/rule_expression.go:355.2,356.16 2 8
github.com/rhysd/actionlint/rule_expression.go:360.2,360.14 1 8
github.com/rhysd/actionlint/rule_expression.go:364.2,365.27 2 5
github.com/rhysd/actionlint/rule_expression.go:368.2,368.31 1 5
github.com/rhysd/actionlint/rule_expression.go:351.22,353.3 1 0
github.com/rhysd/actionlint/rule_expression.go:356.16,359.3 2 0
github.com/rhysd/actionlint/rule_expression.go:360.14,362.3 1 3
github.com/rhysd/actionlint/rule_expression.go:365.27,367.3 1 7
github.com/rhysd/actionlint/rule_expression.go:371.94,373.14 1 43
github.com/rhysd/actionlint/rule_expression.go:377.2,378.9 2 35
github.com/rhysd/actionlint/rule_expression.go:382.2,382.18 1 29
github.com/rhysd/actionlint/rule_expression.go:388.2,388.17 1 29
github.com/rhysd/actionlint/rule_expression.go:373.14,375.3 1 8
github.com/rhysd/actionlint/rule_expression.go:378.9,380.3 1 6
github.com/rhysd/actionlint/rule_expression.go:382.18,386.3 2 0
github.com/rhysd/actionlint/rule_expression.go:391.88,392.15 1 7
github.com/rhysd/actionlint/rule_expression.go:395.2,395.19 1 7
github.com/rhysd/actionlint/rule_expression.go:392.15,394.3 1 0
github.com/rhysd/actionlint/rule_expression.go:396.28,397.12 1 6
github.com/rhysd/actionlint/rule_expression.go:398.10,400.13 2 1
github.com/rhysd/actionlint/rule_expression.go:404.87,405.15 1 3
github.com/rhysd/actionlint/rule_expression.go:408.2,408.19 1 3
github.com/rhysd/actionlint/rule_expression.go:405.15,407.3 1 0
github.com/rhysd/actionlint/rule_expression.go:409.27,410.12 1 3
github.com/rhysd/actionlint/rule_expression.go:411.10,413.13 2 0
github.com/rhysd/actionlint/rule_expression.go:417.88,418.15 1 4
github.com/rhysd/actionlint/rule_expression.go:421.2,421.19 1 4
github.com/rhysd/actionlint/rule_expression.go:418.15,420.3 1 0
github.com/rhysd/actionlint/rule_expression.go:422.27,423.12 1 4
github.com/rhysd/actionlint/rule_expression.go:424.10,426.13 2 0
github.com/rhysd/actionlint/rule_expression.go:430.97,432.15 2 7
github.com/rhysd/actionlint/rule_expression.go:435.2,435.44 1 7
github.com/rhysd/actionlint/rule_expression.go:432.15,434.3 1 0
github.com/rhysd/actionlint/rule_expression.go:438.96,440.15 2 3
github.com/rhysd/actionlint/rule_expression.go:443.2,443.43 1 3
github.com/rhysd/actionlint/rule_expression.go:440.15,442.3 1 0
github.com/rhysd/actionlint/rule_expression.go:446.97,448.15 2 13
github.com/rhysd/actionlint/rule_expression.go:451.2,451.44 1 4
github.com/rhysd/actionlint/rule_expression.go:448.15,450.3 1 9
github.com/rhysd/actionlint/rule_expression.go:454.68,455.16 1 982
github.com/rhysd/actionlint/rule_expression.go:459.2,459.21 1 40
github.com/rhysd/actionlint/rule_expression.go:468.2,468.64 1 4
github.com/rhysd/actionlint/rule_expression.go:455.16,457.3 1 942
github.com/rhysd/actionlint/rule_expression.go:459.21,460.30 1 36
github.com/rhysd/actionlint/rule_expression.go:464.3,464.9 1 36
github.com/rhysd/actionlint/rule_expression.go:460.30,463.4 2 60
github.com/rhysd/actionlint/rule_expression.go:471.102,472.14 1 322
github.com/rhysd/actionlint/rule_expression.go:475.2,476.34 2 13
github.com/rhysd/actionlint/rule_expression.go:479.2,480.26 2 13
github.com/rhysd/actionlint/rule_expression.go:485.2,488.42 4 13
github.com/rhysd/actionlint/rule_expression.go:472.14,474.3 1 309
github.com/rhysd/actionlint/rule_expression.go:476.34,478.3 1 4
github.com/rhysd/actionlint/rule_expression.go:480.26,484.3 3 7
github.com/rhysd/actionlint/rule_expression.go:491.82,492.14 1 521
github.com/rhysd/actionlint/rule_expression.go:495.2,496.49 2 8
github.com/rhysd/actionlint/rule_expression.go:492.14,494.3 1 513
github.com/rhysd/actionlint/rule_expression.go:499.76,500.30 1 521
github.com/rhysd/actionlint/rule_expression.go:503.2,504.55 2 8
github.com/rhysd/actionlint/rule_expression.go:500.30,502.3 1 513
github.com/rhysd/actionlint/rule_expression.go:507.64,508.31 1 318
github.com/rhysd/actionlint/rule_expression.go:512.2,515.16 3 57
github.com/rhysd/actionlint/rule_expression.go:519.2,519.29 1 57
github.com/rhysd/actionlint/rule_expression.go:567.2,567.30 1 57
github.com/rhysd/actionlint/rule_expression.go:508.31,510.3 1 261
github.com/rhysd/actionlint/rule_expression.go:515.16,517.3 1 0
github.com/rhysd/actionlint/rule_expression.go:519.29,522.15 2 53
github.com/rhysd/actionlint/rule_expression.go:526.3,527.23 2 46
github.com/rhysd/actionlint/rule_expression.go:530.3,530.37 1 41
github.com/rhysd/actionlint/rule_expression.go:534.3,537.18 3 22
github.com/rhysd/actionlint/rule_expression.go:555.3,555.30 1 22
github.com/rhysd/actionlint/rule_expression.go:522.15,523.12 1 7
github.com/rhysd/actionlint/rule_expression.go:527.23,528.12 1 5
github.com/rhysd/actionlint/rule_expression.go:530.37,531.12 1 19
github.com/rhysd/actionlint/rule_expression.go:538.10,539.13 1 17
github.com/rhysd/actionlint/rule_expression.go:549.10,550.38 1 5
github.com/rhysd/actionlint/rule_expression.go:540.16,541.20 1 2
github.com/rhysd/actionlint/rule_expression.go:542.25,543.20 1 4
github.com/rhysd/actionlint/rule_expression.go:544.12,545.56 1 11
github.com/rhysd/actionlint/rule_expression.go:545.56,547.6 1 3
github.com/rhysd/actionlint/rule_expression.go:550.38,552.5 1 5
github.com/rhysd/actionlint/rule_expression.go:555.30,564.4 1 7
github.com/rhysd/actionlint/rule_expression.go:567.30,569.3 1 32
github.com/rhysd/actionlint/rule_expression.go:572.76,573.14 1 966
github.com/rhysd/actionlint/rule_expression.go:576.2,576.33 1 54
github.com/rhysd/actionlint/rule_expression.go:573.14,575.3 1 912
github.com/rhysd/actionlint/rule_expression.go:579.76,580.23 1 782
github.com/rhysd/actionlint/rule_expression.go:580.23,582.3 1 126
github.com/rhysd/actionlint/rule_expression.go:585.79,586.16 1 766
github.com/rhysd/actionlint/rule_expression.go:612.2,613.30 2 51
github.com/rhysd/actionlint/rule_expression.go:637.2,637.55 1 51
github.com/rhysd/actionlint/rule_expression.go:586.16,588.3 1 715
github.com/rhysd/actionlint/rule_expression.go:613.30,616.19 2 27
github.com/rhysd/actionlint/rule_expression.go:616.19,617.34 1 17
github.com/rhysd/actionlint/rule_expression.go:617.34,619.5 1 16
github.com/rhysd/actionlint/rule_expression.go:621.8,627.17 5 24
github.com/rhysd/actionlint/rule_expression.go:632.3,632.87 1 24
github.com/rhysd/actionlint/rule_expression.go:627.17,630.4 2 0
github.com/rhysd/actionlint/rule_expression.go:632.87,634.4 1 22
github.com/rhysd/actionlint/rule_expression.go:637.55,639.3 1 0
github.com/rhysd/actionlint/rule_expression.go:642.72,643.23 1 1308
github.com/rhysd/actionlint/rule_expression.go:643.23,644.22 1 267
github.com/rhysd/actionlint/rule_expression.go:645.42,646.147 1 7
github.com/rhysd/actionlint/rule_expression.go:651.86,652.16 1 3527
github.com/rhysd/actionlint/rule_expression.go:656.2,657.9 2 1041
github.com/rhysd/actionlint/rule_expression.go:661.2,662.11 2 996
github.com/rhysd/actionlint/rule_expression.go:652.16,654.3 1 2486
github.com/rhysd/actionlint/rule_expression.go:657.9,659.3 1 45
github.com/rhysd/actionlint/rule_expression.go:665.80,666.16 1 378
github.com/rhysd/actionlint/rule_expression.go:670.2,671.9 2 377
github.com/rhysd/actionlint/rule_expression.go:675.2,675.37 1 312
github.com/rhysd/actionlint/rule_expression.go:666.16,668.3 1 1
github.com/rhysd/actionlint/rule_expression.go:671.9,673.3 1 65
github.com/rhysd/actionlint/rule_expression.go:678.68,679.37 1 877
github.com/rhysd/actionlint/rule_expression.go:683.2,684.15 2 6
github.com/rhysd/actionlint/rule_expression.go:688.2,688.19 1 3
github.com/rhysd/actionlint/rule_expression.go:679.37,681.3 1 871
github.com/rhysd/actionlint/rule_expression.go:684.15,686.3 1 3
github.com/rhysd/actionlint/rule_expression.go:689.25,689.25 0 3
github.com/rhysd/actionlint/rule_expression.go:691.10,692.98 1 0
github.com/rhysd/actionlint/rule_expression.go:696.66,697.14 1 46
github.com/rhysd/actionlint/rule_expression.go:700.2,700.72 1 5
github.com/rhysd/actionlint/rule_expression.go:697.14,699.3 1 41
github.com/rhysd/actionlint/rule_expression.go:703.70,704.14 1 766
github.com/rhysd/actionlint/rule_expression.go:707.2,707.77 1 8
github.com/rhysd/actionlint/rule_expression.go:704.14,706.3 1 758
github.com/rhysd/actionlint/rule_expression.go:710.131,714.12 2 1574
github.com/rhysd/actionlint/rule_expression.go:717.2,719.6 3 1574
github.com/rhysd/actionlint/rule_expression.go:743.2,743.17 1 1448
github.com/rhysd/actionlint/rule_expression.go:714.12,716.3 1 124
github.com/rhysd/actionlint/rule_expression.go:719.6,721.16 2 1883
github.com/rhysd/actionlint/rule_expression.go:725.3,731.10 6 435
github.com/rhysd/actionlint/rule_expression.go:734.3,734.36 1 309
github.com/rhysd/actionlint/rule_expression.go:737.3,740.24 3 309
github.com/rhysd/actionlint/rule_expression.go:721.16,722.9 1 1448
github.com/rhysd/actionlint/rule_expression.go:731.10,733.4 1 126
github.com/rhysd/actionlint/rule_expression.go:734.36,736.4 1 0
github.com/rhysd/actionlint/rule_expression.go:746.78,749.2 2 131
github.com/rhysd/actionlint/rule_expression.go:751.142,753.24 2 454
github.com/rhysd/actionlint/rule_expression.go:756.2,757.26 2 454
github.com/rhysd/actionlint/rule_expression.go:760.2,760.25 1 454
github.com/rhysd/actionlint/rule_expression.go:763.2,763.25 1 454
github.com/rhysd/actionlint/rule_expression.go:766.2,766.27 1 454
github.com/rhysd/actionlint/rule_expression.go:769.2,769.26 1 454
github.com/rhysd/actionlint/rule_expression.go:772.2,772.34 1 454
github.com/rhysd/actionlint/rule_expression.go:775.2,775.24 1 454
github.com/rhysd/actionlint/rule_expression.go:778.2,778.23 1 454
github.com/rhysd/actionlint/rule_expression.go:787.2,788.27 2 454
github.com/rhysd/actionlint/rule_expression.go:792.2,792.27 1 454
github.com/rhysd/actionlint/rule_expression.go:753.24,755.3 1 410
github.com/rhysd/actionlint/rule_expression.go:757.26,759.3 1 99
github.com/rhysd/actionlint/rule_expression.go:760.25,762.3 1 293
github.com/rhysd/actionlint/rule_expression.go:763.25,765.3 1 408
github.com/rhysd/actionlint/rule_expression.go:766.27,768.3 1 31
github.com/rhysd/actionlint/rule_expression.go:769.26,771.3 1 136
github.com/rhysd/actionlint/rule_expression.go:772.34,774.3 1 63
github.com/rhysd/actionlint/rule_expression.go:775.24,777.3 1 15
github.com/rhysd/actionlint/rule_expression.go:778.23,780.20 2 446
github.com/rhysd/actionlint/rule_expression.go:783.3,784.39 2 446
github.com/rhysd/actionlint/rule_expression.go:780.20,782.4 1 1
github.com/rhysd/actionlint/rule_expression.go:788.27,790.3 1 126
github.com/rhysd/actionlint/rule_expression.go:795.134,799.16 4 435
github.com/rhysd/actionlint/rule_expression.go:803.2,804.26 2 430
github.com/rhysd/actionlint/rule_expression.go:799.16,802.3 2 5
github.com/rhysd/actionlint/rule_expression.go:807.65,812.2 3 318
github.com/rhysd/actionlint/rule_expression.go:814.95,815.31 1 318
github.com/rhysd/actionlint/rule_expression.go:815.31,817.25 2 27
github.com/rhysd/actionlint/rule_expression.go:820.3,820.32 1 27
github.com/rhysd/actionlint/rule_expression.go:824.3,825.10 2 26
github.com/rhysd/actionlint/rule_expression.go:829.3,830.28 2 25
github.com/rhysd/actionlint/rule_expression.go:839.3,842.5 1 25
github.com/rhysd/actionlint/rule_expression.go:817.25,818.12 1 0
github.com/rhysd/actionlint/rule_expression.go:820.32,821.12 1 1
github.com/rhysd/actionlint/rule_expression.go:825.10,826.12 1 1
github.com/rhysd/actionlint/rule_expression.go:830.28,832.32 2 17
github.com/rhysd/actionlint/rule_expression.go:832.32,834.5 1 9
github.com/rhysd/actionlint/rule_expression.go:835.9,837.4 1 8
github.com/rhysd/actionlint/rule_expression.go:848.77,850.15 2 3
github.com/rhysd/actionlint/rule_expression.go:853.2,854.9 2 3
github.com/rhysd/actionlint/rule_expression.go:859.2,860.8 2 0
github.com/rhysd/actionlint/rule_expression.go:876.2,878.14 2 0
github.com/rhysd/actionlint/rule_expression.go:850.15,852.3 1 0
github.com/rhysd/actionlint/rule_expression.go:854.9,856.3 1 3
github.com/rhysd/actionlint/rule_expression.go:860.8,862.38 2 0
github.com/rhysd/actionlint/rule_expression.go:862.38,863.41 1 0
github.com/rhysd/actionlint/rule_expression.go:863.41,864.31 1 0
github.com/rhysd/actionlint/rule_expression.go:864.31,866.13 2 0
github.com/rhysd/actionlint/rule_expression.go:870.6,870.33 1 0
github.com/rhysd/actionlint/rule_expression.go:866.13,868.15 2 0
github.com/rhysd/actionlint/rule_expression.go:881.64,882.25 1 36
github.com/rhysd/actionlint/rule_expression.go:887.2,887.22 1 33
github.com/rhysd/actionlint/rule_expression.go:905.2,907.27 2 33
github.com/rhysd/actionlint/rule_expression.go:911.2,911.22 1 33
github.com/rhysd/actionlint/rule_expression.go:915.2,915.33 1 5
github.com/rhysd/actionlint/rule_expression.go:924.2,924.47 1 4
github.com/rhysd/actionlint/rule_expression.go:948.2,948.10 1 4
github.com/rhysd/actionlint/rule_expression.go:882.25,884.3 1 3
github.com/rhysd/actionlint/rule_expression.go:887.22,888.34 1 6
github.com/rhysd/actionlint/rule_expression.go:888.34,889.119 1 0
github.com/rhysd/actionlint/rule_expression.go:889.119,891.5 1 0
github.com/rhysd/actionlint/rule_expression.go:892.9,893.49 1 6
github.com/rhysd/actionlint/rule_expression.go:893.49,894.32 1 10
github.com/rhysd/actionlint/rule_expression.go:898.5,898.37 1 10
github.com/rhysd/actionlint/rule_expression.go:894.32,896.14 2 0
github.com/rhysd/actionlint/rule_expression.go:898.37,900.6 1 15
github.com/rhysd/actionlint/rule_expression.go:907.27,909.3 1 36
github.com/rhysd/actionlint/rule_expression.go:911.22,913.3 1 28
github.com/rhysd/actionlint/rule_expression.go:915.33,916.115 1 1
github.com/rhysd/actionlint/rule_expression.go:921.3,921.30 1 1
github.com/rhysd/actionlint/rule_expression.go:916.115,917.52 1 0
github.com/rhysd/actionlint/rule_expression.go:917.52,919.5 1 0
github.com/rhysd/actionlint/rule_expression.go:924.47,925.30 1 5
github.com/rhysd/actionlint/rule_expression.go:938.3,938.40 1 4
github.com/rhysd/actionlint/rule_expression.go:925.30,927.17 2 1
github.com/rhysd/actionlint/rule_expression.go:930.4,930.51 1 0
github.com/rhysd/actionlint/rule_expression.go:935.4,935.12 1 0
github.com/rhysd/actionlint/rule_expression.go:927.17,928.13 1 1
github.com/rhysd/actionlint/rule_expression.go:930.51,932.5 1 0
github.com/rhysd/actionlint/rule_expression.go:932.10,934.5 1 0
github.com/rhysd/actionlint/rule_expression.go:938.40,940.31 2 8
github.com/rhysd/actionlint/rule_expression.go:944.4,944.19 1 8
github.com/rhysd/actionlint/rule_expression.go:940.31,943.5 1 4
github.com/rhysd/actionlint/rule_expression.go:951.67,952.25 1 36
github.com/rhysd/actionlint/rule_expression.go:959.2,960.29 2 33
github.com/rhysd/actionlint/rule_expression.go:969.2,969.15 1 33
github.com/rhysd/actionlint/rule_expression.go:973.2,973.11 1 33
github.com/rhysd/actionlint/rule_expression.go:952.25,953.112 1 3
github.com/rhysd/actionlint/rule_expression.go:956.3,956.19 1 2
github.com/rhysd/actionlint/rule_expression.go:953.112,955.4 1 1
github.com/rhysd/actionlint/rule_expression.go:960.29,962.16 2 80
github.com/rhysd/actionlint/rule_expression.go:962.16,964.4 1 33
github.com/rhysd/actionlint/rule_expression.go:964.9,966.4 1 47
github.com/rhysd/actionlint/rule_expression.go:969.15,971.3 1 0
github.com/rhysd/actionlint/rule_expression.go:976.121,977.41 1 38
github.com/rhysd/actionlint/rule_expression.go:981.2,982.25 2 15
github.com/rhysd/actionlint/rule_expression.go:998.2,1000.28 2 15
github.com/rhysd/actionlint/rule_expression.go:977.41,979.3 1 23
github.com/rhysd/actionlint/rule_expression.go:982.25,984.28 2 23
github.com/rhysd/actionlint/rule_expression.go:994.3,996.5 1 23
github.com/rhysd/actionlint/rule_expression.go:984.28,987.4 1 3
github.com/rhysd/actionlint/rule_expression.go:987.9,989.29 2 20
github.com/rhysd/actionlint/rule_expression.go:992.4,992.30 1 20
github.com/rhysd/actionlint/rule_expression.go:989.29,991.5 1 11
github.com/rhysd/actionlint/rule_expression.go:1000.28,1002.3 1 24
github.com/rhysd/actionlint/rule_expression.go:1005.72,1006.23 1 153
github.com/rhysd/actionlint/rule_expression.go:1007.22,1009.29 2 25
github.com/rhysd/actionlint/rule_expression.go:1012.3,1012.32 1 25
github.com/rhysd/actionlint/rule_expression.go:1013.21,1014.24 1 7
github.com/rhysd/actionlint/rule_expression.go:1017.3,1018.33 2 6
github.com/rhysd/actionlint/rule_expression.go:1021.3,1021.33 1 6
github.com/rhysd/actionlint/rule_expression.go:1022.22,1023.36 1 121
github.com/rhysd/actionlint/rule_expression.go:1024.10,1025.23 1 0
github.com/rhysd/actionlint/rule_expression.go:1009.29,1011.4 1 39
github.com/rhysd/actionlint/rule_expression.go:1014.24,1016.4 1 1
github.com/rhysd/actionlint/rule_expression.go:1018.33,1020.4 1 5
github.com/rhysd/actionlint/rule_expression.go:1029.75,1032.29 2 121
github.com/rhysd/actionlint/rule_expression.go:1039.2,1041.33 2 102
github.com/rhysd/actionlint/rule_expression.go:1044.2,1044.17 1 97
github.com/rhysd/actionlint/rule_expression.go:1047.2,1047.53 1 95
github.com/rhysd/actionlint/rule_expression.go:1050.2,1050.21 1 82
github.com/rhysd/actionlint/rule_expression.go:1032.29,1033.26 1 19
github.com/rhysd/actionlint/rule_expression.go:1036.3,1036.18 1 9
github.com/rhysd/actionlint/rule_expression.go:1033.26,1035.4 1 10
github.com/rhysd/actionlint/rule_expression.go:1041.33,1043.3 1 5
github.com/rhysd/actionlint/rule_expression.go:1044.17,1046.3 1 2
github.com/rhysd/actionlint/rule_expression.go:1047.53,1049.3 1 13
github.com/rhysd/actionlint/rule_expression.go:1053.69,1059.2 1 131
github.com/rhysd/actionlint/rule_expression.go:1061.60,1064.22 1 8
github.com/rhysd/actionlint/rule_expression.go:1067.2,1068.30 2 7
github.com/rhysd/actionlint/rule_expression.go:1071.2,1071.35 1 7
github.com/rhysd/actionlint/rule_expression.go:1064.22,1066.3 1 1
github.com/rhysd/actionlint/rule_expression.go:1068.30,1070.3 1 17
github.com/rhysd/actionlint/rule_runner_label.go:102.44,110.2 1 242
github.com/rhysd/actionlint/rule_runner_label.go:113.56,114.21 1 355
github.com/rhysd/actionlint/rule_runner_label.go:118.2,119.23 2 293
github.com/rhysd/actionlint/rule_runner_label.go:123.2,123.31 1 293
github.com/rhysd/actionlint/rule_runner_label.go:128.2,129.32 2 55
github.com/rhysd/actionlint/rule_runner_label.go:137.2,138.12 2 55
github.com/rhysd/actionlint/rule_runner_label.go:114.21,116.3 1 62
github.com/rhysd/actionlint/rule_runner_label.go:119.23,121.3 1 58
github.com/rhysd/actionlint/rule_runner_label.go:123.31,126.3 2 238
github.com/rhysd/actionlint/rule_runner_label.go:129.32,131.3 1 12
github.com/rhysd/actionlint/rule_runner_label.go:131.8,132.41 1 43
github.com/rhysd/actionlint/rule_runner_label.go:132.41,134.4 1 81
github.com/rhysd/actionlint/rule_runner_label.go:142.74,143.28 1 93
github.com/rhysd/actionlint/rule_runner_label.go:154.2,155.27 2 71
github.com/rhysd/actionlint/rule_runner_label.go:143.28,146.24 3 22
github.com/rhysd/actionlint/rule_runner_label.go:150.3,151.9 2 22
github.com/rhysd/actionlint/rule_runner_label.go:146.24,149.4 2 34
github.com/rhysd/actionlint/rule_runner_label.go:158.63,159.28 1 238
github.com/rhysd/actionlint/rule_runner_label.go:167.2,167.27 1 228
github.com/rhysd/actionlint/rule_runner_label.go:159.28,161.24 2 10
github.com/rhysd/actionlint/rule_runner_label.go:164.3,164.9 1 10
github.com/rhysd/actionlint/rule_runner_label.go:161.24,163.4 1 3
github.com/rhysd/actionlint/rule_runner_label.go:170.78,172.61 2 336
github.com/rhysd/actionlint/rule_runner_label.go:176.2,176.54 1 51
github.com/rhysd/actionlint/rule_runner_label.go:182.2,183.26 2 26
github.com/rhysd/actionlint/rule_runner_label.go:189.2,201.22 2 19
github.com/rhysd/actionlint/rule_runner_label.go:172.61,174.3 1 285
github.com/rhysd/actionlint/rule_runner_label.go:176.54,177.30 1 142
github.com/rhysd/actionlint/rule_runner_label.go:177.30,179.4 1 25
github.com/rhysd/actionlint/rule_runner_label.go:183.26,184.30 1 12
github.com/rhysd/actionlint/rule_runner_label.go:184.30,186.4 1 7
github.com/rhysd/actionlint/rule_runner_label.go:204.89,205.14 1 32
github.com/rhysd/actionlint/rule_runner_label.go:210.2,210.35 1 29
github.com/rhysd/actionlint/rule_runner_label.go:214.2,217.16 4 26
github.com/rhysd/actionlint/rule_runner_label.go:221.2,222.9 2 25
github.com/rhysd/actionlint/rule_runner_label.go:225.2,226.9 2 22
github.com/rhysd/actionlint/rule_runner_label.go:229.2,229.27 1 21
github.com/rhysd/actionlint/rule_runner_label.go:233.2,236.19 3 20
github.com/rhysd/actionlint/rule_runner_label.go:246.2,246.22 1 20
github.com/rhysd/actionlint/rule_runner_label.go:258.2,258.15 1 20
github.com/rhysd/actionlint/rule_runner_label.go:205.14,207.3 1 3
github.com/rhysd/actionlint/rule_runner_label.go:210.35,212.3 1 3
github.com/rhysd/actionlint/rule_runner_label.go:217.16,219.3 1 1
github.com/rhysd/actionlint/rule_runner_label.go:222.9,224.3 1 3
github.com/rhysd/actionlint/rule_runner_label.go:226.9,228.3 1 1
github.com/rhysd/actionlint/rule_runner_label.go:229.27,231.3 1 1
github.com/rhysd/actionlint/rule_runner_label.go:236.19,237.34 1 20
github.com/rhysd/actionlint/rule_runner_label.go:237.34,238.33 1 19
github.com/rhysd/actionlint/rule_runner_label.go:238.33,239.72 1 41
github.com/rhysd/actionlint/rule_runner_label.go:239.72,241.6 1 37
github.com/rhysd/actionlint/rule_runner_label.go:246.22,247.48 1 2
github.com/rhysd/actionlint/rule_runner_label.go:247.48,248.28 1 3
github.com/rhysd/actionlint/rule_runner_label.go:248.28,249.46 1 3
github.com/rhysd/actionlint/rule_runner_label.go:249.46,250.84 1 2
github.com/rhysd/actionlint/rule_runner_label.go:250.84,252.7 1 0
github.com/rhysd/actionlint/rule_runner_label.go:261.85,262.33 1 70
github.com/rhysd/actionlint/rule_runner_label.go:268.2,268.13 1 49
github.com/rhysd/actionlint/rule_runner_label.go:262.33,263.18 1 34
github.com/rhysd/actionlint/rule_runner_label.go:263.18,266.4 2 21
github.com/rhysd/actionlint/rule_runner_label.go:271.78,272.63 1 71
github.com/rhysd/actionlint/rule_runner_label.go:275.2,275.38 1 29
github.com/rhysd/actionlint/rule_runner_label.go:272.63,274.3 1 42
github.com/rhysd/actionlint/rule_runner_label.go:275.38,277.3 1 24
[...]
github.com/rhysd/actionlint/reusable_workflow.go:292.41,293.20 1 11
github.com/rhysd/actionlint/reusable_workflow.go:302.34,306.3 1 12
github.com/rhysd/actionlint/reusable_workflow.go:308.34,314.3 2 22
github.com/rhysd/actionlint/reusable_workflow.go:323.83,329.48 3 57
github.com/rhysd/actionlint/reusable_workflow.go:333.2,334.34 2 57
github.com/rhysd/actionlint/reusable_workflow.go:338.2,338.16 1 54
github.com/rhysd/actionlint/reusable_workflow.go:367.2,367.123 1 8
github.com/rhysd/actionlint/reusable_workflow.go:329.48,331.3 1 0
github.com/rhysd/actionlint/reusable_workflow.go:334.34,336.3 1 3
github.com/rhysd/actionlint/reusable_workflow.go:339.24,342.42 1 45
github.com/rhysd/actionlint/reusable_workflow.go:352.23,354.58 1 3
github.com/rhysd/actionlint/reusable_workflow.go:357.25,359.31 1 6
github.com/rhysd/actionlint/reusable_workflow.go:342.42,344.28 2 45
github.com/rhysd/actionlint/reusable_workflow.go:344.28,346.53 2 43
github.com/rhysd/actionlint/reusable_workflow.go:349.5,349.19 1 36
github.com/rhysd/actionlint/reusable_workflow.go:346.53,348.6 1 7
github.com/rhysd/actionlint/reusable_workflow.go:354.58,356.4 1 1
github.com/rhysd/actionlint/reusable_workflow.go:359.31,361.28 2 9
github.com/rhysd/actionlint/reusable_workflow.go:361.28,363.5 1 2
github.com/rhysd/actionlint/reusable_workflow.go:373.106,380.2 1 246
github.com/rhysd/actionlint/reusable_workflow.go:382.83,385.2 1 2
github.com/rhysd/actionlint/reusable_workflow.go:396.105,398.2 1 10
github.com/rhysd/actionlint/reusable_workflow.go:403.94,404.14 1 32
github.com/rhysd/actionlint/reusable_workflow.go:407.2,408.30 2 31
github.com/rhysd/actionlint/reusable_workflow.go:411.2,413.10 3 11
github.com/rhysd/actionlint/reusable_workflow.go:404.14,406.3 1 1
github.com/rhysd/actionlint/reusable_workflow.go:408.30,410.3 1 20
github.com/rhysd/actionlint/rule_deprecated_commands.go:17.58,24.2 1 218
github.com/rhysd/actionlint/rule_deprecated_commands.go:27.62,28.52 1 463
github.com/rhysd/actionlint/rule_deprecated_commands.go:57.2,57.12 1 463
github.com/rhysd/actionlint/rule_deprecated_commands.go:28.52,29.86 1 389
github.com/rhysd/actionlint/rule_deprecated_commands.go:29.86,31.19 2 20
github.com/rhysd/actionlint/rule_deprecated_commands.go:35.4,36.13 2 20
github.com/rhysd/actionlint/rule_deprecated_commands.go:49.4,54.5 1 20
github.com/rhysd/actionlint/rule_deprecated_commands.go:31.19,33.5 1 4
github.com/rhysd/actionlint/rule_deprecated_commands.go:37.22,38.50 1 9
github.com/rhysd/actionlint/rule_deprecated_commands.go:39.22,40.49 1 5
github.com/rhysd/actionlint/rule_deprecated_commands.go:41.19,42.47 1 2
github.com/rhysd/actionlint/rule_deprecated_commands.go:43.20,44.40 1 4
github.com/rhysd/actionlint/rule_deprecated_commands.go:45.12,46.25 1 0
github.com/rhysd/actionlint/availability.go:12.63,13.13 1 481
github.com/rhysd/actionlint/availability.go:14.43,15.133 1 20
github.com/rhysd/actionlint/availability.go:16.237,17.144 1 232
github.com/rhysd/actionlint/availability.go:18.98,19.124 1 11
github.com/rhysd/actionlint/availability.go:20.39,21.122 1 4
github.com/rhysd/actionlint/availability.go:22.32,23.178 1 39
github.com/rhysd/actionlint/availability.go:24.96,25.107 1 9
github.com/rhysd/actionlint/availability.go:26.36,27.96 1 4
github.com/rhysd/actionlint/availability.go:28.52,29.66 1 16
github.com/rhysd/actionlint/availability.go:30.65,31.100 1 15
github.com/rhysd/actionlint/availability.go:32.297,33.89 1 49
github.com/rhysd/actionlint/availability.go:34.32,35.67 1 30
github.com/rhysd/actionlint/availability.go:36.26,37.110 1 17
github.com/rhysd/actionlint/availability.go:38.13,39.69 1 12
github.com/rhysd/actionlint/availability.go:40.80,41.58 1 21
github.com/rhysd/actionlint/availability.go:42.10,43.18 1 2
github.com/rhysd/actionlint/config.go:26.58,28.46 2 11
github.com/rhysd/actionlint/config.go:32.2,32.16 1 9
github.com/rhysd/actionlint/config.go:28.46,31.3 2 2
github.com/rhysd/actionlint/config.go:36.51,38.16 2 6
github.com/rhysd/actionlint/config.go:41.2,41.29 1 5
github.com/rhysd/actionlint/config.go:38.16,40.3 1 1
github.com/rhysd/actionlint/config.go:44.48,53.52 2 2
github.com/rhysd/actionlint/config.go:56.2,56.12 1 1
github.com/rhysd/actionlint/config.go:53.52,55.3 1 1
github.com/rhysd/actionlint/expr_lexer.go:61.36,62.11 1 122
github.com/rhysd/actionlint/expr_lexer.go:63.24,64.19 1 0
github.com/rhysd/actionlint/expr_lexer.go:65.20,66.15 1 0
github.com/rhysd/actionlint/expr_lexer.go:67.22,68.17 1 24
github.com/rhysd/actionlint/expr_lexer.go:69.23,70.18 1 19
github.com/rhysd/actionlint/expr_lexer.go:71.20,72.19 1 20
github.com/rhysd/actionlint/expr_lexer.go:73.22,74.17 1 19
github.com/rhysd/actionlint/expr_lexer.go:75.26,76.13 1 19
github.com/rhysd/actionlint/expr_lexer.go:77.27,78.13 1 7
github.com/rhysd/actionlint/expr_lexer.go:79.28,80.13 1 2
github.com/rhysd/actionlint/expr_lexer.go:81.29,82.13 1 4
github.com/rhysd/actionlint/expr_lexer.go:83.20,84.13 1 1
github.com/rhysd/actionlint/expr_lexer.go:85.20,86.13 1 0
github.com/rhysd/actionlint/expr_lexer.go:87.21,88.13 1 0
github.com/rhysd/actionlint/expr_lexer.go:89.23,90.14 1 0
github.com/rhysd/actionlint/expr_lexer.go:91.24,92.13 1 0
github.com/rhysd/actionlint/expr_lexer.go:93.26,94.14 1 0
github.com/rhysd/actionlint/expr_lexer.go:95.19,96.14 1 0
github.com/rhysd/actionlint/expr_lexer.go:97.22,98.14 1 0
github.com/rhysd/actionlint/expr_lexer.go:99.20,100.14 1 0
github.com/rhysd/actionlint/expr_lexer.go:101.19,102.14 1 0
github.com/rhysd/actionlint/expr_lexer.go:103.21,104.13 1 3
github.com/rhysd/actionlint/expr_lexer.go:105.22,106.13 1 4
github.com/rhysd/actionlint/expr_lexer.go:107.10,108.23 1 0
github.com/rhysd/actionlint/expr_lexer.go:127.33,129.2 1 0
github.com/rhysd/actionlint/expr_lexer.go:131.32,133.2 1 19434
github.com/rhysd/actionlint/expr_lexer.go:135.27,137.2 1 75151
github.com/rhysd/actionlint/expr_lexer.go:139.25,141.2 1 20781
github.com/rhysd/actionlint/expr_lexer.go:143.28,145.2 1 25
github.com/rhysd/actionlint/expr_lexer.go:147.27,149.2 1 57696
github.com/rhysd/actionlint/expr_lexer.go:166.42,176.52 3 2803
github.com/rhysd/actionlint/expr_lexer.go:179.2,179.10 1 2803
github.com/rhysd/actionlint/expr_lexer.go:176.52,178.3 1 0
github.com/rhysd/actionlint/expr_lexer.go:182.41,183.23 1 38
github.com/rhysd/actionlint/expr_lexer.go:183.23,191.3 2 38
github.com/rhysd/actionlint/expr_lexer.go:194.52,206.2 5 17420
github.com/rhysd/actionlint/expr_lexer.go:208.36,216.2 1 38
github.com/rhysd/actionlint/expr_lexer.go:218.34,221.2 2 69388
github.com/rhysd/actionlint/expr_lexer.go:223.35,224.6 1 17458
github.com/rhysd/actionlint/expr_lexer.go:224.6,225.45 1 19434
github.com/rhysd/actionlint/expr_lexer.go:228.3,229.29 2 1976
github.com/rhysd/actionlint/expr_lexer.go:225.45,227.4 1 17458
github.com/rhysd/actionlint/expr_lexer.go:233.80,235.22 2 35
github.com/rhysd/actionlint/expr_lexer.go:241.2,242.14 2 35
github.com/rhysd/actionlint/expr_lexer.go:246.2,255.18 3 35
github.com/rhysd/actionlint/expr_lexer.go:235.22,237.3 1 12
github.com/rhysd/actionlint/expr_lexer.go:237.8,239.3 1 23
github.com/rhysd/actionlint/expr_lexer.go:242.14,244.3 1 3
github.com/rhysd/actionlint/expr_lexer.go:258.46,261.2 2 3
github.com/rhysd/actionlint/expr_lexer.go:263.41,264.6 1 7367
github.com/rhysd/actionlint/expr_lexer.go:264.6,267.58 1 57492
github.com/rhysd/actionlint/expr_lexer.go:267.58,269.4 1 7367
github.com/rhysd/actionlint/expr_lexer.go:273.39,279.14 2 216
github.com/rhysd/actionlint/expr_lexer.go:283.2,283.14 1 216
github.com/rhysd/actionlint/expr_lexer.go:302.2,304.14 2 198
github.com/rhysd/actionlint/expr_lexer.go:320.2,320.26 1 195
github.com/rhysd/actionlint/expr_lexer.go:344.2,344.16 1 192
github.com/rhysd/actionlint/expr_lexer.go:349.2,349.21 1 187
github.com/rhysd/actionlint/expr_lexer.go:279.14,281.3 1 14
github.com/rhysd/actionlint/expr_lexer.go:283.14,285.15 2 111
github.com/rhysd/actionlint/expr_lexer.go:285.15,288.4 2 15
github.com/rhysd/actionlint/expr_lexer.go:289.8,291.16 1 105
github.com/rhysd/actionlint/expr_lexer.go:294.3,294.7 1 102
github.com/rhysd/actionlint/expr_lexer.go:291.16,293.4 1 3
github.com/rhysd/actionlint/expr_lexer.go:294.7,296.17 2 155
github.com/rhysd/actionlint/expr_lexer.go:296.17,297.10 1 102
github.com/rhysd/actionlint/expr_lexer.go:304.14,306.16 2 30
github.com/rhysd/actionlint/expr_lexer.go:310.3,310.7 1 27
github.com/rhysd/actionlint/expr_lexer.go:317.3,317.21 1 27
github.com/rhysd/actionlint/expr_lexer.go:306.16,308.4 1 3
github.com/rhysd/actionlint/expr_lexer.go:310.7,312.17 2 41
github.com/rhysd/actionlint/expr_lexer.go:312.17,313.10 1 27
github.com/rhysd/actionlint/expr_lexer.go:320.26,322.15 2 23
github.com/rhysd/actionlint/expr_lexer.go:326.3,326.15 1 23
github.com/rhysd/actionlint/expr_lexer.go:341.3,341.21 1 20
github.com/rhysd/actionlint/expr_lexer.go:322.15,324.4 1 7
github.com/rhysd/actionlint/expr_lexer.go:326.15,328.4 1 4
github.com/rhysd/actionlint/expr_lexer.go:328.9,330.17 1 19
github.com/rhysd/actionlint/expr_lexer.go:333.4,333.8 1 16
github.com/rhysd/actionlint/expr_lexer.go:330.17,332.5 1 3
github.com/rhysd/actionlint/expr_lexer.go:333.8,335.18 2 24
github.com/rhysd/actionlint/expr_lexer.go:335.18,336.11 1 16
github.com/rhysd/actionlint/expr_lexer.go:344.16,347.3 2 5
github.com/rhysd/actionlint/expr_lexer.go:352.42,355.14 2 15
github.com/rhysd/actionlint/expr_lexer.go:372.2,372.16 1 12
github.com/rhysd/actionlint/expr_lexer.go:377.2,377.32 1 9
github.com/rhysd/actionlint/expr_lexer.go:355.14,357.3 1 4
github.com/rhysd/actionlint/expr_lexer.go:357.8,358.19 1 11
github.com/rhysd/actionlint/expr_lexer.go:362.3,362.7 1 8
github.com/rhysd/actionlint/expr_lexer.go:358.19,361.4 2 3
github.com/rhysd/actionlint/expr_lexer.go:362.7,364.20 2 14
github.com/rhysd/actionlint/expr_lexer.go:364.20,365.10 1 8
github.com/rhysd/actionlint/expr_lexer.go:372.16,375.3 2 3
github.com/rhysd/actionlint/expr_lexer.go:380.42,382.6 1 624
github.com/rhysd/actionlint/expr_lexer.go:382.6,383.20 1 7606
github.com/rhysd/actionlint/expr_lexer.go:384.13,385.25 1 629
github.com/rhysd/actionlint/expr_lexer.go:388.20,389.70 1 2
github.com/rhysd/actionlint/expr_lexer.go:385.25,387.5 1 622
github.com/rhysd/actionlint/expr_lexer.go:394.39,396.14 2 2760
github.com/rhysd/actionlint/expr_lexer.go:399.2,401.32 2 2758
github.com/rhysd/actionlint/expr_lexer.go:396.14,398.3 1 2
github.com/rhysd/actionlint/expr_lexer.go:404.40,406.22 2 13
github.com/rhysd/actionlint/expr_lexer.go:410.2,410.21 1 13
github.com/rhysd/actionlint/expr_lexer.go:406.22,409.3 2 5
github.com/rhysd/actionlint/expr_lexer.go:413.43,415.22 2 14
github.com/rhysd/actionlint/expr_lexer.go:419.2,419.21 1 14
github.com/rhysd/actionlint/expr_lexer.go:415.22,418.3 2 7
github.com/rhysd/actionlint/expr_lexer.go:422.38,423.30 1 181
github.com/rhysd/actionlint/expr_lexer.go:426.2,427.31 2 179
github.com/rhysd/actionlint/expr_lexer.go:423.30,425.3 1 2
github.com/rhysd/actionlint/expr_lexer.go:430.40,432.22 2 94
github.com/rhysd/actionlint/expr_lexer.go:436.2,436.21 1 94
github.com/rhysd/actionlint/expr_lexer.go:432.22,435.3 2 55
github.com/rhysd/actionlint/expr_lexer.go:439.39,440.30 1 87
github.com/rhysd/actionlint/expr_lexer.go:443.2,444.32 2 85
github.com/rhysd/actionlint/expr_lexer.go:440.30,442.3 1 2
github.com/rhysd/actionlint/expr_lexer.go:447.38,448.30 1 85
github.com/rhysd/actionlint/expr_lexer.go:451.2,452.31 2 83
github.com/rhysd/actionlint/expr_lexer.go:448.30,450.3 1 2
github.com/rhysd/actionlint/expr_lexer.go:455.51,458.2 2 6009
github.com/rhysd/actionlint/expr_lexer.go:463.37,467.22 3 17458
github.com/rhysd/actionlint/expr_lexer.go:473.2,473.28 1 17455
github.com/rhysd/actionlint/expr_lexer.go:477.2,477.26 1 10088
github.com/rhysd/actionlint/expr_lexer.go:481.2,481.11 1 9872
github.com/rhysd/actionlint/expr_lexer.go:467.22,469.3 1 3
github.com/rhysd/actionlint/expr_lexer.go:473.28,475.3 1 7367
github.com/rhysd/actionlint/expr_lexer.go:477.26,479.3 1 216
github.com/rhysd/actionlint/expr_lexer.go:482.12,483.25 1 624
github.com/rhysd/actionlint/expr_lexer.go:484.11,485.22 1 2760
github.com/rhysd/actionlint/expr_lexer.go:486.11,487.23 1 94
github.com/rhysd/actionlint/expr_lexer.go:488.11,489.23 1 13
github.com/rhysd/actionlint/expr_lexer.go:490.11,491.26 1 14
github.com/rhysd/actionlint/expr_lexer.go:492.11,493.21 1 181
github.com/rhysd/actionlint/expr_lexer.go:494.11,495.22 1 87
github.com/rhysd/actionlint/expr_lexer.go:496.11,497.21 1 85
github.com/rhysd/actionlint/expr_lexer.go:498.11,499.41 1 415
github.com/rhysd/actionlint/expr_lexer.go:500.11,501.42 1 407
github.com/rhysd/actionlint/expr_lexer.go:502.11,503.43 1 196
github.com/rhysd/actionlint/expr_lexer.go:504.11,505.44 1 193
github.com/rhysd/actionlint/expr_lexer.go:506.11,507.35 1 4486
github.com/rhysd/actionlint/expr_lexer.go:508.11,509.36 1 132
github.com/rhysd/actionlint/expr_lexer.go:510.11,511.37 1 180
github.com/rhysd/actionlint/expr_lexer.go:512.10,513.59 1 5
github.com/rhysd/actionlint/expr_lexer.go:518.36,520.2 1 435
github.com/rhysd/actionlint/expr_lexer.go:523.40,525.2 1 2704
github.com/rhysd/actionlint/expr_lexer.go:530.60,533.6 3 100
github.com/rhysd/actionlint/expr_lexer.go:533.6,535.22 2 237
github.com/rhysd/actionlint/expr_lexer.go:538.3,539.29 2 202
github.com/rhysd/actionlint/expr_lexer.go:535.22,537.4 1 35
github.com/rhysd/actionlint/expr_lexer.go:539.29,541.4 1 65
github.com/rhysd/actionlint/expr_parser.go:9.52,16.2 1 33
github.com/rhysd/actionlint/expr_parser.go:27.34,29.2 1 2705
github.com/rhysd/actionlint/expr_parser.go:31.40,32.18 1 33
github.com/rhysd/actionlint/expr_parser.go:32.18,34.3 1 33
github.com/rhysd/actionlint/expr_parser.go:37.65,39.2 1 3
github.com/rhysd/actionlint/expr_parser.go:41.69,42.18 1 31
github.com/rhysd/actionlint/expr_parser.go:45.2,46.29 2 30
github.com/rhysd/actionlint/expr_parser.go:49.2,50.32 2 30
github.com/rhysd/actionlint/expr_parser.go:55.2,56.14 2 30
github.com/rhysd/actionlint/expr_parser.go:42.18,44.3 1 1
github.com/rhysd/actionlint/expr_parser.go:46.29,48.3 1 113
github.com/rhysd/actionlint/expr_parser.go:50.32,52.3 1 23
github.com/rhysd/actionlint/expr_parser.go:52.8,54.3 1 7
github.com/rhysd/actionlint/expr_parser.go:59.36,63.2 3 14516
github.com/rhysd/actionlint/expr_parser.go:65.36,67.2 1 38375
github.com/rhysd/actionlint/expr_parser.go:69.44,71.23 2 2988
github.com/rhysd/actionlint/expr_parser.go:72.26,79.43 3 350
github.com/rhysd/actionlint/expr_parser.go:105.3,105.49 1 344
github.com/rhysd/actionlint/expr_parser.go:106.10,108.22 1 2638
github.com/rhysd/actionlint/expr_parser.go:79.43,82.4 1 52
github.com/rhysd/actionlint/expr_parser.go:82.9,84.8 1 298
github.com/rhysd/actionlint/expr_parser.go:84.8,86.19 2 474
github.com/rhysd/actionlint/expr_parser.go:90.5,92.26 2 472
github.com/rhysd/actionlint/expr_parser.go:86.19,88.6 1 2
github.com/rhysd/actionlint/expr_parser.go:93.25,94.14 1 176
github.com/rhysd/actionlint/expr_parser.go:96.30,98.20 2 292
github.com/rhysd/actionlint/expr_parser.go:99.13,101.16 2 4
github.com/rhysd/actionlint/expr_parser.go:109.15,110.27 1 12
github.com/rhysd/actionlint/expr_parser.go:111.15,112.33 1 40
github.com/rhysd/actionlint/expr_parser.go:113.16,114.34 1 29
github.com/rhysd/actionlint/expr_parser.go:115.11,117.61 1 2557
github.com/rhysd/actionlint/expr_parser.go:122.49,126.19 3 55
github.com/rhysd/actionlint/expr_parser.go:130.2,130.42 1 54
github.com/rhysd/actionlint/expr_parser.go:137.2,137.15 1 52
github.com/rhysd/actionlint/expr_parser.go:126.19,128.3 1 1
github.com/rhysd/actionlint/expr_parser.go:130.42,132.3 1 52
github.com/rhysd/actionlint/expr_parser.go:132.8,135.3 2 2
github.com/rhysd/actionlint/expr_parser.go:140.42,143.16 3 151
github.com/rhysd/actionlint/expr_parser.go:148.2,150.28 2 150
github.com/rhysd/actionlint/expr_parser.go:143.16,146.3 2 1
github.com/rhysd/actionlint/expr_parser.go:153.44,156.16 3 17
github.com/rhysd/actionlint/expr_parser.go:161.2,163.25 2 16
github.com/rhysd/actionlint/expr_parser.go:156.16,159.3 2 1
github.com/rhysd/actionlint/expr_parser.go:166.45,172.2 5 611
github.com/rhysd/actionlint/expr_parser.go:174.50,175.23 1 3839
github.com/rhysd/actionlint/expr_parser.go:176.22,177.24 1 2988
github.com/rhysd/actionlint/expr_parser.go:178.26,179.29 1 55
github.com/rhysd/actionlint/expr_parser.go:180.20,181.22 1 150
github.com/rhysd/actionlint/expr_parser.go:182.22,183.24 1 16
github.com/rhysd/actionlint/expr_parser.go:184.23,185.25 1 611
github.com/rhysd/actionlint/expr_parser.go:186.10,197.13 2 19
github.com/rhysd/actionlint/expr_parser.go:201.48,203.16 2 3839
github.com/rhysd/actionlint/expr_parser.go:207.2,207.6 1 3811
github.com/rhysd/actionlint/expr_parser.go:203.16,205.3 1 28
github.com/rhysd/actionlint/expr_parser.go:207.6,208.24 1 8469
github.com/rhysd/actionlint/expr_parser.go:209.21,211.25 2 4473
github.com/rhysd/actionlint/expr_parser.go:226.29,229.18 3 191
github.com/rhysd/actionlint/expr_parser.go:232.4,233.46 2 190
github.com/rhysd/actionlint/expr_parser.go:237.4,237.12 1 188
github.com/rhysd/actionlint/expr_parser.go:238.11,239.14 1 3805
github.com/rhysd/actionlint/expr_parser.go:212.23,214.31 2 129
github.com/rhysd/actionlint/expr_parser.go:215.24,218.58 2 4341
github.com/rhysd/actionlint/expr_parser.go:219.12,224.15 2 3
github.com/rhysd/actionlint/expr_parser.go:229.18,231.5 1 1
github.com/rhysd/actionlint/expr_parser.go:233.46,236.5 2 2
github.com/rhysd/actionlint/expr_parser.go:244.47,246.28 2 3875
github.com/rhysd/actionlint/expr_parser.go:249.2,252.14 3 36
github.com/rhysd/actionlint/expr_parser.go:256.2,256.25 1 35
github.com/rhysd/actionlint/expr_parser.go:246.28,248.3 1 3839
github.com/rhysd/actionlint/expr_parser.go:252.14,254.3 1 1
github.com/rhysd/actionlint/expr_parser.go:259.51,261.14 2 3839
github.com/rhysd/actionlint/expr_parser.go:265.2,266.23 2 3805
github.com/rhysd/actionlint/expr_parser.go:282.2,285.14 3 254
github.com/rhysd/actionlint/expr_parser.go:289.2,289.32 1 247
github.com/rhysd/actionlint/expr_parser.go:261.14,263.3 1 34
github.com/rhysd/actionlint/expr_parser.go:267.21,268.28 1 7
github.com/rhysd/actionlint/expr_parser.go:269.23,270.30 1 4
github.com/rhysd/actionlint/expr_parser.go:271.24,272.31 1 6
github.com/rhysd/actionlint/expr_parser.go:273.26,274.33 1 6
github.com/rhysd/actionlint/expr_parser.go:275.19,276.26 1 177
github.com/rhysd/actionlint/expr_parser.go:277.22,278.29 1 54
github.com/rhysd/actionlint/expr_parser.go:279.10,280.11 1 3551
github.com/rhysd/actionlint/expr_parser.go:285.14,287.3 1 7
github.com/rhysd/actionlint/expr_parser.go:292.49,294.14 2 3585
github.com/rhysd/actionlint/expr_parser.go:297.2,297.35 1 3551
github.com/rhysd/actionlint/expr_parser.go:300.2,302.14 3 82
github.com/rhysd/actionlint/expr_parser.go:305.2,305.51 1 81
github.com/rhysd/actionlint/expr_parser.go:294.14,296.3 1 34
github.com/rhysd/actionlint/expr_parser.go:297.35,299.3 1 3469
github.com/rhysd/actionlint/expr_parser.go:302.14,304.3 1 1
github.com/rhysd/actionlint/expr_parser.go:308.48,310.14 2 3503
github.com/rhysd/actionlint/expr_parser.go:313.2,313.34 1 3469
github.com/rhysd/actionlint/expr_parser.go:316.2,318.14 3 80
github.com/rhysd/actionlint/expr_parser.go:321.2,321.50 1 79
github.com/rhysd/actionlint/expr_parser.go:310.14,312.3 1 34
github.com/rhysd/actionlint/expr_parser.go:313.34,315.3 1 3389
github.com/rhysd/actionlint/expr_parser.go:318.14,320.3 1 1
github.com/rhysd/actionlint/expr_parser.go:325.39,326.38 1 2704
github.com/rhysd/actionlint/expr_parser.go:329.2,329.14 1 2701
github.com/rhysd/actionlint/expr_parser.go:326.38,328.3 1 3
github.com/rhysd/actionlint/expr_parser.go:333.65,340.32 5 2703
github.com/rhysd/actionlint/expr_parser.go:344.2,344.43 1 2672
github.com/rhysd/actionlint/expr_parser.go:361.2,361.18 1 2671
github.com/rhysd/actionlint/expr_parser.go:340.32,342.3 1 31
github.com/rhysd/actionlint/expr_parser.go:344.43,349.7 4 1
github.com/rhysd/actionlint/expr_parser.go:357.3,358.20 2 1
github.com/rhysd/actionlint/expr_parser.go:349.7,351.30 2 2
github.com/rhysd/actionlint/expr_parser.go:354.4,355.7 2 1
github.com/rhysd/actionlint/expr_parser.go:351.30,352.10 1 1
